{"C:\\Users\\Positivo_Computer\\Desktop\\free_mentors\\main.js":{"path":"C:\\Users\\Positivo_Computer\\Desktop\\free_mentors\\main.js","statementMap":{"0":{"start":{"line":3,"column":29},"end":{"line":3,"column":84}},"1":{"start":{"line":5,"column":15},"end":{"line":5,"column":57}},"2":{"start":{"line":7,"column":24},"end":{"line":7,"column":77}},"3":{"start":{"line":9,"column":14},"end":{"line":9,"column":75}},"4":{"start":{"line":11,"column":15},"end":{"line":11,"column":64}},"5":{"start":{"line":13,"column":10},"end":{"line":13,"column":36}},"6":{"start":{"line":14,"column":0},"end":{"line":16,"column":4}},"7":{"start":{"line":17,"column":0},"end":{"line":17,"column":36}},"8":{"start":{"line":18,"column":15},"end":{"line":18,"column":24}},"9":{"start":{"line":19,"column":24},"end":{"line":19,"column":86}},"10":{"start":{"line":20,"column":0},"end":{"line":20,"column":38}},"11":{"start":{"line":21,"column":0},"end":{"line":21,"column":140}},"12":{"start":{"line":22,"column":0},"end":{"line":28,"column":3}},"13":{"start":{"line":23,"column":2},"end":{"line":27,"column":5}},"14":{"start":{"line":29,"column":0},"end":{"line":29,"column":21}}},"fnMap":{"0":{"name":"(anonymous_0)","decl":{"start":{"line":22,"column":14},"end":{"line":22,"column":15}},"loc":{"start":{"line":22,"column":43},"end":{"line":28,"column":1}},"line":22}},"branchMap":{},"s":{"0":1,"1":1,"2":1,"3":1,"4":1,"5":1,"6":1,"7":1,"8":1,"9":1,"10":1,"11":1,"12":1,"13":1,"14":1},"f":{"0":1},"b":{},"_coverageSchema":"43e27e138ebf9cfc5966b082cf9a028302ed4184","hash":"5fc0d034167eee11622466e769430c9e5890c685","contentHash":"b3094b35d43bdf7db7799a21122852be6b0d9df29e3fbe599ddaeacf744d8f92"},"C:\\Users\\Positivo_Computer\\Desktop\\free_mentors\\server\\api\\routes\\Router.js":{"path":"C:\\Users\\Positivo_Computer\\Desktop\\free_mentors\\server\\api\\routes\\Router.js","statementMap":{"0":{"start":{"line":3,"column":29},"end":{"line":3,"column":84}},"1":{"start":{"line":5,"column":0},"end":{"line":7,"column":3}},"2":{"start":{"line":8,"column":0},"end":{"line":8,"column":28}},"3":{"start":{"line":10,"column":15},"end":{"line":10,"column":57}},"4":{"start":{"line":12,"column":19},"end":{"line":12,"column":80}},"5":{"start":{"line":14,"column":19},"end":{"line":14,"column":80}},"6":{"start":{"line":16,"column":23},"end":{"line":16,"column":88}},"7":{"start":{"line":18,"column":20},"end":{"line":18,"column":82}},"8":{"start":{"line":20,"column":26},"end":{"line":20,"column":94}},"9":{"start":{"line":22,"column":30},"end":{"line":22,"column":102}},"10":{"start":{"line":24,"column":30},"end":{"line":24,"column":102}},"11":{"start":{"line":26,"column":14},"end":{"line":26,"column":42}},"12":{"start":{"line":28,"column":0},"end":{"line":28,"column":2791}},"13":{"start":{"line":29,"column":15},"end":{"line":29,"column":22}},"14":{"start":{"line":30,"column":0},"end":{"line":30,"column":30}}},"fnMap":{},"branchMap":{},"s":{"0":1,"1":1,"2":1,"3":1,"4":1,"5":1,"6":1,"7":1,"8":1,"9":1,"10":1,"11":1,"12":1,"13":1,"14":1},"f":{},"b":{},"_coverageSchema":"43e27e138ebf9cfc5966b082cf9a028302ed4184","hash":"2ec237110c0331fdb197967944ceec9decee55db","contentHash":"b4f040e755796f65122f9419a4da0dc22f1cc808894b7cdf8dcd51528454146b"},"C:\\Users\\Positivo_Computer\\Desktop\\free_mentors\\server\\api\\middlewares\\check_admin.js":{"path":"C:\\Users\\Positivo_Computer\\Desktop\\free_mentors\\server\\api\\middlewares\\check_admin.js","statementMap":{"0":{"start":{"line":3,"column":29},"end":{"line":3,"column":84}},"1":{"start":{"line":5,"column":0},"end":{"line":7,"column":3}},"2":{"start":{"line":8,"column":0},"end":{"line":8,"column":28}},"3":{"start":{"line":10,"column":20},"end":{"line":10,"column":67}},"4":{"start":{"line":12,"column":14},"end":{"line":12,"column":55}},"5":{"start":{"line":14,"column":0},"end":{"line":14,"column":28}},"6":{"start":{"line":16,"column":18},"end":{"line":36,"column":1}},"7":{"start":{"line":17,"column":2},"end":{"line":35,"column":3}},"8":{"start":{"line":18,"column":36},"end":{"line":18,"column":65}},"9":{"start":{"line":20,"column":58},"end":{"line":20,"column":140}},"10":{"start":{"line":22,"column":4},"end":{"line":29,"column":5}},"11":{"start":{"line":23,"column":6},"end":{"line":23,"column":13}},"12":{"start":{"line":25,"column":6},"end":{"line":28,"column":9}},"13":{"start":{"line":31,"column":4},"end":{"line":34,"column":7}},"14":{"start":{"line":38,"column":15},"end":{"line":38,"column":26}},"15":{"start":{"line":39,"column":0},"end":{"line":39,"column":30}}},"fnMap":{"0":{"name":"verfy_admin","decl":{"start":{"line":16,"column":27},"end":{"line":16,"column":38}},"loc":{"start":{"line":16,"column":64},"end":{"line":36,"column":1}},"line":16}},"branchMap":{"0":{"loc":{"start":{"line":22,"column":4},"end":{"line":29,"column":5}},"type":"if","locations":[{"start":{"line":22,"column":4},"end":{"line":29,"column":5}},{"start":{"line":22,"column":4},"end":{"line":29,"column":5}}],"line":22}},"s":{"0":1,"1":1,"2":1,"3":1,"4":1,"5":1,"6":1,"7":41,"8":41,"9":41,"10":33,"11":31,"12":2,"13":8,"14":1,"15":1},"f":{"0":41},"b":{"0":[31,2]},"_coverageSchema":"43e27e138ebf9cfc5966b082cf9a028302ed4184","hash":"80f19ae5defc08962b2a7539383bc412840b8569","contentHash":"abe16ee1405254112308e0cd6da5278d7f26eba46d51a690dc2a59c41c95f51f"},"C:\\Users\\Positivo_Computer\\Desktop\\free_mentors\\server\\api\\middlewares\\check_token.js":{"path":"C:\\Users\\Positivo_Computer\\Desktop\\free_mentors\\server\\api\\middlewares\\check_token.js","statementMap":{"0":{"start":{"line":3,"column":29},"end":{"line":3,"column":84}},"1":{"start":{"line":5,"column":0},"end":{"line":7,"column":3}},"2":{"start":{"line":8,"column":0},"end":{"line":8,"column":28}},"3":{"start":{"line":10,"column":20},"end":{"line":10,"column":67}},"4":{"start":{"line":12,"column":18},"end":{"line":25,"column":1}},"5":{"start":{"line":13,"column":2},"end":{"line":24,"column":3}},"6":{"start":{"line":14,"column":36},"end":{"line":14,"column":65}},"7":{"start":{"line":16,"column":58},"end":{"line":16,"column":140}},"8":{"start":{"line":18,"column":4},"end":{"line":18,"column":11}},"9":{"start":{"line":20,"column":4},"end":{"line":23,"column":7}},"10":{"start":{"line":27,"column":15},"end":{"line":27,"column":26}},"11":{"start":{"line":28,"column":0},"end":{"line":28,"column":30}}},"fnMap":{"0":{"name":"verfy_token","decl":{"start":{"line":12,"column":27},"end":{"line":12,"column":38}},"loc":{"start":{"line":12,"column":64},"end":{"line":25,"column":1}},"line":12}},"branchMap":{},"s":{"0":1,"1":1,"2":1,"3":1,"4":1,"5":48,"6":48,"7":48,"8":38,"9":10,"10":1,"11":1},"f":{"0":48},"b":{},"_coverageSchema":"43e27e138ebf9cfc5966b082cf9a028302ed4184","hash":"c1c5aff40900d82cedafac889cb8bd163b6ee603","contentHash":"e112bcb402f2af9ebcfc73a009b0698ae33e5898081615e40af8b0ba405c200d"},"C:\\Users\\Positivo_Computer\\Desktop\\free_mentors\\server\\api\\controllers\\usersController.js":{"path":"C:\\Users\\Positivo_Computer\\Desktop\\free_mentors\\server\\api\\controllers\\usersController.js","statementMap":{"0":{"start":{"line":3,"column":29},"end":{"line":3,"column":84}},"1":{"start":{"line":5,"column":15},"end":{"line":5,"column":67}},"2":{"start":{"line":7,"column":20},"end":{"line":7,"column":67}},"3":{"start":{"line":9,"column":14},"end":{"line":9,"column":55}},"4":{"start":{"line":11,"column":21},"end":{"line":422,"column":1}},"5":{"start":{"line":13,"column":21},"end":{"line":13,"column":31}},"6":{"start":{"line":14,"column":18},"end":{"line":27,"column":5}},"7":{"start":{"line":29,"column":4},"end":{"line":29,"column":32}},"8":{"start":{"line":31,"column":42},"end":{"line":31,"column":55}},"9":{"start":{"line":32,"column":39},"end":{"line":32,"column":69}},"10":{"start":{"line":33,"column":45},"end":{"line":33,"column":61}},"11":{"start":{"line":34,"column":46},"end":{"line":34,"column":63}},"12":{"start":{"line":36,"column":21},"end":{"line":43,"column":6}},"13":{"start":{"line":45,"column":39},"end":{"line":48,"column":5}},"14":{"start":{"line":50,"column":17},"end":{"line":52,"column":6}},"15":{"start":{"line":51,"column":6},"end":{"line":51,"column":58}},"16":{"start":{"line":54,"column":4},"end":{"line":89,"column":5}},"17":{"start":{"line":55,"column":6},"end":{"line":58,"column":9}},"18":{"start":{"line":59,"column":11},"end":{"line":89,"column":5}},"19":{"start":{"line":60,"column":6},"end":{"line":63,"column":9}},"20":{"start":{"line":64,"column":11},"end":{"line":89,"column":5}},"21":{"start":{"line":65,"column":6},"end":{"line":68,"column":9}},"22":{"start":{"line":69,"column":11},"end":{"line":89,"column":5}},"23":{"start":{"line":70,"column":6},"end":{"line":73,"column":9}},"24":{"start":{"line":74,"column":11},"end":{"line":89,"column":5}},"25":{"start":{"line":75,"column":6},"end":{"line":78,"column":9}},"26":{"start":{"line":79,"column":11},"end":{"line":89,"column":5}},"27":{"start":{"line":80,"column":6},"end":{"line":83,"column":9}},"28":{"start":{"line":84,"column":11},"end":{"line":89,"column":5}},"29":{"start":{"line":85,"column":6},"end":{"line":88,"column":9}},"30":{"start":{"line":91,"column":4},"end":{"line":91,"column":38}},"31":{"start":{"line":93,"column":4},"end":{"line":97,"column":7}},"32":{"start":{"line":100,"column":38},"end":{"line":103,"column":5}},"33":{"start":{"line":104,"column":26},"end":{"line":104,"column":59}},"34":{"start":{"line":105,"column":29},"end":{"line":105,"column":65}},"35":{"start":{"line":107,"column":4},"end":{"line":117,"column":5}},"36":{"start":{"line":108,"column":6},"end":{"line":111,"column":9}},"37":{"start":{"line":112,"column":11},"end":{"line":117,"column":5}},"38":{"start":{"line":113,"column":6},"end":{"line":116,"column":9}},"39":{"start":{"line":119,"column":31},"end":{"line":123,"column":6}},"40":{"start":{"line":120,"column":18},"end":{"line":120,"column":28}},"41":{"start":{"line":121,"column":21},"end":{"line":121,"column":34}},"42":{"start":{"line":122,"column":6},"end":{"line":122,"column":74}},"43":{"start":{"line":125,"column":4},"end":{"line":157,"column":5}},"44":{"start":{"line":126,"column":6},"end":{"line":151,"column":7}},"45":{"start":{"line":126,"column":23},"end":{"line":126,"column":24}},"46":{"start":{"line":127,"column":8},"end":{"line":127,"column":36}},"47":{"start":{"line":129,"column":43},"end":{"line":129,"column":73}},"48":{"start":{"line":130,"column":46},"end":{"line":130,"column":79}},"49":{"start":{"line":131,"column":49},"end":{"line":131,"column":85}},"50":{"start":{"line":132,"column":50},"end":{"line":132,"column":87}},"51":{"start":{"line":134,"column":25},"end":{"line":141,"column":10}},"52":{"start":{"line":143,"column":43},"end":{"line":145,"column":9}},"53":{"start":{"line":146,"column":8},"end":{"line":150,"column":11}},"54":{"start":{"line":153,"column":6},"end":{"line":156,"column":9}},"55":{"start":{"line":161,"column":4},"end":{"line":165,"column":7}},"56":{"start":{"line":168,"column":22},"end":{"line":171,"column":6}},"57":{"start":{"line":169,"column":21},"end":{"line":169,"column":35}},"58":{"start":{"line":170,"column":6},"end":{"line":170,"column":35}},"59":{"start":{"line":173,"column":4},"end":{"line":197,"column":5}},"60":{"start":{"line":174,"column":28},"end":{"line":174,"column":30}},"61":{"start":{"line":176,"column":6},"end":{"line":190,"column":7}},"62":{"start":{"line":176,"column":19},"end":{"line":176,"column":20}},"63":{"start":{"line":177,"column":8},"end":{"line":189,"column":11}},"64":{"start":{"line":192,"column":6},"end":{"line":196,"column":9}},"65":{"start":{"line":200,"column":36},"end":{"line":200,"column":65}},"66":{"start":{"line":202,"column":58},"end":{"line":202,"column":140}},"67":{"start":{"line":204,"column":28},"end":{"line":206,"column":6}},"68":{"start":{"line":205,"column":6},"end":{"line":205,"column":65}},"69":{"start":{"line":208,"column":19},"end":{"line":208,"column":56}},"70":{"start":{"line":210,"column":4},"end":{"line":250,"column":5}},"71":{"start":{"line":211,"column":6},"end":{"line":214,"column":9}},"72":{"start":{"line":216,"column":20},"end":{"line":216,"column":28}},"73":{"start":{"line":218,"column":24},"end":{"line":222,"column":8}},"74":{"start":{"line":219,"column":23},"end":{"line":219,"column":37}},"75":{"start":{"line":220,"column":17},"end":{"line":220,"column":25}},"76":{"start":{"line":221,"column":8},"end":{"line":221,"column":55}},"77":{"start":{"line":224,"column":6},"end":{"line":249,"column":7}},"78":{"start":{"line":225,"column":16},"end":{"line":225,"column":17}},"79":{"start":{"line":226,"column":30},"end":{"line":238,"column":9}},"80":{"start":{"line":239,"column":8},"end":{"line":243,"column":11}},"81":{"start":{"line":245,"column":8},"end":{"line":248,"column":11}},"82":{"start":{"line":253,"column":23},"end":{"line":256,"column":6}},"83":{"start":{"line":254,"column":21},"end":{"line":254,"column":35}},"84":{"start":{"line":255,"column":6},"end":{"line":255,"column":35}},"85":{"start":{"line":258,"column":4},"end":{"line":282,"column":5}},"86":{"start":{"line":259,"column":28},"end":{"line":259,"column":30}},"87":{"start":{"line":261,"column":6},"end":{"line":275,"column":7}},"88":{"start":{"line":261,"column":19},"end":{"line":261,"column":20}},"89":{"start":{"line":262,"column":8},"end":{"line":274,"column":11}},"90":{"start":{"line":277,"column":6},"end":{"line":281,"column":9}},"91":{"start":{"line":285,"column":36},"end":{"line":285,"column":65}},"92":{"start":{"line":287,"column":58},"end":{"line":287,"column":140}},"93":{"start":{"line":289,"column":28},"end":{"line":291,"column":6}},"94":{"start":{"line":290,"column":6},"end":{"line":290,"column":65}},"95":{"start":{"line":293,"column":19},"end":{"line":293,"column":56}},"96":{"start":{"line":295,"column":4},"end":{"line":335,"column":5}},"97":{"start":{"line":296,"column":6},"end":{"line":299,"column":9}},"98":{"start":{"line":301,"column":20},"end":{"line":301,"column":28}},"99":{"start":{"line":303,"column":25},"end":{"line":307,"column":8}},"100":{"start":{"line":304,"column":23},"end":{"line":304,"column":37}},"101":{"start":{"line":305,"column":17},"end":{"line":305,"column":25}},"102":{"start":{"line":306,"column":8},"end":{"line":306,"column":55}},"103":{"start":{"line":309,"column":6},"end":{"line":334,"column":7}},"104":{"start":{"line":310,"column":16},"end":{"line":310,"column":17}},"105":{"start":{"line":311,"column":30},"end":{"line":323,"column":9}},"106":{"start":{"line":324,"column":8},"end":{"line":328,"column":11}},"107":{"start":{"line":330,"column":8},"end":{"line":333,"column":11}},"108":{"start":{"line":338,"column":21},"end":{"line":341,"column":6}},"109":{"start":{"line":339,"column":21},"end":{"line":339,"column":35}},"110":{"start":{"line":340,"column":6},"end":{"line":340,"column":34}},"111":{"start":{"line":343,"column":4},"end":{"line":367,"column":5}},"112":{"start":{"line":344,"column":28},"end":{"line":344,"column":30}},"113":{"start":{"line":346,"column":6},"end":{"line":360,"column":7}},"114":{"start":{"line":346,"column":19},"end":{"line":346,"column":20}},"115":{"start":{"line":347,"column":8},"end":{"line":359,"column":11}},"116":{"start":{"line":362,"column":6},"end":{"line":366,"column":9}},"117":{"start":{"line":370,"column":36},"end":{"line":370,"column":65}},"118":{"start":{"line":372,"column":58},"end":{"line":372,"column":140}},"119":{"start":{"line":374,"column":27},"end":{"line":376,"column":6}},"120":{"start":{"line":375,"column":6},"end":{"line":375,"column":63}},"121":{"start":{"line":378,"column":18},"end":{"line":378,"column":54}},"122":{"start":{"line":380,"column":4},"end":{"line":420,"column":5}},"123":{"start":{"line":381,"column":6},"end":{"line":384,"column":9}},"124":{"start":{"line":386,"column":20},"end":{"line":386,"column":27}},"125":{"start":{"line":388,"column":23},"end":{"line":392,"column":8}},"126":{"start":{"line":389,"column":23},"end":{"line":389,"column":37}},"127":{"start":{"line":390,"column":17},"end":{"line":390,"column":25}},"128":{"start":{"line":391,"column":8},"end":{"line":391,"column":54}},"129":{"start":{"line":394,"column":6},"end":{"line":419,"column":7}},"130":{"start":{"line":395,"column":16},"end":{"line":395,"column":17}},"131":{"start":{"line":396,"column":30},"end":{"line":408,"column":9}},"132":{"start":{"line":409,"column":8},"end":{"line":413,"column":11}},"133":{"start":{"line":415,"column":8},"end":{"line":418,"column":11}},"134":{"start":{"line":423,"column":0},"end":{"line":423,"column":32}}},"fnMap":{"0":{"name":"signup","decl":{"start":{"line":12,"column":19},"end":{"line":12,"column":25}},"loc":{"start":{"line":12,"column":45},"end":{"line":98,"column":3}},"line":12},"1":{"name":"(anonymous_1)","decl":{"start":{"line":50,"column":42},"end":{"line":50,"column":43}},"loc":{"start":{"line":50,"column":56},"end":{"line":52,"column":5}},"line":50},"2":{"name":"signin","decl":{"start":{"line":99,"column":19},"end":{"line":99,"column":25}},"loc":{"start":{"line":99,"column":45},"end":{"line":158,"column":3}},"line":99},"3":{"name":"(anonymous_3)","decl":{"start":{"line":119,"column":58},"end":{"line":119,"column":59}},"loc":{"start":{"line":119,"column":74},"end":{"line":123,"column":5}},"line":119},"4":{"name":"view_all_users","decl":{"start":{"line":159,"column":27},"end":{"line":159,"column":41}},"loc":{"start":{"line":159,"column":61},"end":{"line":166,"column":3}},"line":159},"5":{"name":"View_all_mentee","decl":{"start":{"line":167,"column":28},"end":{"line":167,"column":43}},"loc":{"start":{"line":167,"column":63},"end":{"line":198,"column":3}},"line":167},"6":{"name":"(anonymous_6)","decl":{"start":{"line":168,"column":49},"end":{"line":168,"column":50}},"loc":{"start":{"line":168,"column":66},"end":{"line":171,"column":5}},"line":168},"7":{"name":"View_mentee","decl":{"start":{"line":199,"column":24},"end":{"line":199,"column":35}},"loc":{"start":{"line":199,"column":55},"end":{"line":251,"column":3}},"line":199},"8":{"name":"(anonymous_8)","decl":{"start":{"line":204,"column":53},"end":{"line":204,"column":54}},"loc":{"start":{"line":204,"column":71},"end":{"line":206,"column":5}},"line":204},"9":{"name":"(anonymous_9)","decl":{"start":{"line":218,"column":51},"end":{"line":218,"column":52}},"loc":{"start":{"line":218,"column":68},"end":{"line":222,"column":7}},"line":218},"10":{"name":"View_all_mentor","decl":{"start":{"line":252,"column":28},"end":{"line":252,"column":43}},"loc":{"start":{"line":252,"column":63},"end":{"line":283,"column":3}},"line":252},"11":{"name":"(anonymous_11)","decl":{"start":{"line":253,"column":50},"end":{"line":253,"column":51}},"loc":{"start":{"line":253,"column":67},"end":{"line":256,"column":5}},"line":253},"12":{"name":"View_mentor","decl":{"start":{"line":284,"column":24},"end":{"line":284,"column":35}},"loc":{"start":{"line":284,"column":55},"end":{"line":336,"column":3}},"line":284},"13":{"name":"(anonymous_13)","decl":{"start":{"line":289,"column":53},"end":{"line":289,"column":54}},"loc":{"start":{"line":289,"column":71},"end":{"line":291,"column":5}},"line":289},"14":{"name":"(anonymous_14)","decl":{"start":{"line":303,"column":52},"end":{"line":303,"column":53}},"loc":{"start":{"line":303,"column":69},"end":{"line":307,"column":7}},"line":303},"15":{"name":"View_all_admin","decl":{"start":{"line":337,"column":27},"end":{"line":337,"column":41}},"loc":{"start":{"line":337,"column":61},"end":{"line":368,"column":3}},"line":337},"16":{"name":"(anonymous_16)","decl":{"start":{"line":338,"column":48},"end":{"line":338,"column":49}},"loc":{"start":{"line":338,"column":65},"end":{"line":341,"column":5}},"line":338},"17":{"name":"View_admin","decl":{"start":{"line":369,"column":23},"end":{"line":369,"column":33}},"loc":{"start":{"line":369,"column":53},"end":{"line":421,"column":3}},"line":369},"18":{"name":"(anonymous_18)","decl":{"start":{"line":374,"column":52},"end":{"line":374,"column":53}},"loc":{"start":{"line":374,"column":69},"end":{"line":376,"column":5}},"line":374},"19":{"name":"(anonymous_19)","decl":{"start":{"line":388,"column":50},"end":{"line":388,"column":51}},"loc":{"start":{"line":388,"column":67},"end":{"line":392,"column":7}},"line":388}},"branchMap":{"0":{"loc":{"start":{"line":54,"column":4},"end":{"line":89,"column":5}},"type":"if","locations":[{"start":{"line":54,"column":4},"end":{"line":89,"column":5}},{"start":{"line":54,"column":4},"end":{"line":89,"column":5}}],"line":54},"1":{"loc":{"start":{"line":59,"column":11},"end":{"line":89,"column":5}},"type":"if","locations":[{"start":{"line":59,"column":11},"end":{"line":89,"column":5}},{"start":{"line":59,"column":11},"end":{"line":89,"column":5}}],"line":59},"2":{"loc":{"start":{"line":64,"column":11},"end":{"line":89,"column":5}},"type":"if","locations":[{"start":{"line":64,"column":11},"end":{"line":89,"column":5}},{"start":{"line":64,"column":11},"end":{"line":89,"column":5}}],"line":64},"3":{"loc":{"start":{"line":69,"column":11},"end":{"line":89,"column":5}},"type":"if","locations":[{"start":{"line":69,"column":11},"end":{"line":89,"column":5}},{"start":{"line":69,"column":11},"end":{"line":89,"column":5}}],"line":69},"4":{"loc":{"start":{"line":74,"column":11},"end":{"line":89,"column":5}},"type":"if","locations":[{"start":{"line":74,"column":11},"end":{"line":89,"column":5}},{"start":{"line":74,"column":11},"end":{"line":89,"column":5}}],"line":74},"5":{"loc":{"start":{"line":79,"column":11},"end":{"line":89,"column":5}},"type":"if","locations":[{"start":{"line":79,"column":11},"end":{"line":89,"column":5}},{"start":{"line":79,"column":11},"end":{"line":89,"column":5}}],"line":79},"6":{"loc":{"start":{"line":84,"column":11},"end":{"line":89,"column":5}},"type":"if","locations":[{"start":{"line":84,"column":11},"end":{"line":89,"column":5}},{"start":{"line":84,"column":11},"end":{"line":89,"column":5}}],"line":84},"7":{"loc":{"start":{"line":107,"column":4},"end":{"line":117,"column":5}},"type":"if","locations":[{"start":{"line":107,"column":4},"end":{"line":117,"column":5}},{"start":{"line":107,"column":4},"end":{"line":117,"column":5}}],"line":107},"8":{"loc":{"start":{"line":112,"column":11},"end":{"line":117,"column":5}},"type":"if","locations":[{"start":{"line":112,"column":11},"end":{"line":117,"column":5}},{"start":{"line":112,"column":11},"end":{"line":117,"column":5}}],"line":112},"9":{"loc":{"start":{"line":122,"column":13},"end":{"line":122,"column":73}},"type":"binary-expr","locations":[{"start":{"line":122,"column":13},"end":{"line":122,"column":38}},{"start":{"line":122,"column":42},"end":{"line":122,"column":73}}],"line":122},"10":{"loc":{"start":{"line":125,"column":4},"end":{"line":157,"column":5}},"type":"if","locations":[{"start":{"line":125,"column":4},"end":{"line":157,"column":5}},{"start":{"line":125,"column":4},"end":{"line":157,"column":5}}],"line":125},"11":{"loc":{"start":{"line":173,"column":4},"end":{"line":197,"column":5}},"type":"if","locations":[{"start":{"line":173,"column":4},"end":{"line":197,"column":5}},{"start":{"line":173,"column":4},"end":{"line":197,"column":5}}],"line":173},"12":{"loc":{"start":{"line":210,"column":4},"end":{"line":250,"column":5}},"type":"if","locations":[{"start":{"line":210,"column":4},"end":{"line":250,"column":5}},{"start":{"line":210,"column":4},"end":{"line":250,"column":5}}],"line":210},"13":{"loc":{"start":{"line":221,"column":15},"end":{"line":221,"column":54}},"type":"binary-expr","locations":[{"start":{"line":221,"column":15},"end":{"line":221,"column":35}},{"start":{"line":221,"column":39},"end":{"line":221,"column":54}}],"line":221},"14":{"loc":{"start":{"line":224,"column":6},"end":{"line":249,"column":7}},"type":"if","locations":[{"start":{"line":224,"column":6},"end":{"line":249,"column":7}},{"start":{"line":224,"column":6},"end":{"line":249,"column":7}}],"line":224},"15":{"loc":{"start":{"line":258,"column":4},"end":{"line":282,"column":5}},"type":"if","locations":[{"start":{"line":258,"column":4},"end":{"line":282,"column":5}},{"start":{"line":258,"column":4},"end":{"line":282,"column":5}}],"line":258},"16":{"loc":{"start":{"line":295,"column":4},"end":{"line":335,"column":5}},"type":"if","locations":[{"start":{"line":295,"column":4},"end":{"line":335,"column":5}},{"start":{"line":295,"column":4},"end":{"line":335,"column":5}}],"line":295},"17":{"loc":{"start":{"line":306,"column":15},"end":{"line":306,"column":54}},"type":"binary-expr","locations":[{"start":{"line":306,"column":15},"end":{"line":306,"column":35}},{"start":{"line":306,"column":39},"end":{"line":306,"column":54}}],"line":306},"18":{"loc":{"start":{"line":309,"column":6},"end":{"line":334,"column":7}},"type":"if","locations":[{"start":{"line":309,"column":6},"end":{"line":334,"column":7}},{"start":{"line":309,"column":6},"end":{"line":334,"column":7}}],"line":309},"19":{"loc":{"start":{"line":343,"column":4},"end":{"line":367,"column":5}},"type":"if","locations":[{"start":{"line":343,"column":4},"end":{"line":367,"column":5}},{"start":{"line":343,"column":4},"end":{"line":367,"column":5}}],"line":343},"20":{"loc":{"start":{"line":380,"column":4},"end":{"line":420,"column":5}},"type":"if","locations":[{"start":{"line":380,"column":4},"end":{"line":420,"column":5}},{"start":{"line":380,"column":4},"end":{"line":420,"column":5}}],"line":380},"21":{"loc":{"start":{"line":391,"column":15},"end":{"line":391,"column":53}},"type":"binary-expr","locations":[{"start":{"line":391,"column":15},"end":{"line":391,"column":35}},{"start":{"line":391,"column":39},"end":{"line":391,"column":53}}],"line":391},"22":{"loc":{"start":{"line":394,"column":6},"end":{"line":419,"column":7}},"type":"if","locations":[{"start":{"line":394,"column":6},"end":{"line":419,"column":7}},{"start":{"line":394,"column":6},"end":{"line":419,"column":7}}],"line":394}},"s":{"0":1,"1":1,"2":1,"3":1,"4":1,"5":8,"6":8,"7":8,"8":8,"9":8,"10":8,"11":8,"12":8,"13":8,"14":8,"15":70,"16":8,"17":1,"18":7,"19":1,"20":6,"21":1,"22":5,"23":1,"24":4,"25":1,"26":3,"27":1,"28":2,"29":1,"30":1,"31":1,"32":4,"33":4,"34":4,"35":4,"36":1,"37":3,"38":1,"39":2,"40":20,"41":20,"42":20,"43":2,"44":1,"45":1,"46":1,"47":1,"48":1,"49":1,"50":1,"51":1,"52":1,"53":1,"54":1,"55":1,"56":1,"57":9,"58":9,"59":1,"60":1,"61":1,"62":1,"63":4,"64":1,"65":3,"66":3,"67":3,"68":13,"69":3,"70":3,"71":1,"72":2,"73":2,"74":18,"75":18,"76":18,"77":2,"78":1,"79":1,"80":1,"81":1,"82":1,"83":9,"84":9,"85":1,"86":1,"87":1,"88":1,"89":3,"90":1,"91":5,"92":5,"93":5,"94":18,"95":5,"96":5,"97":1,"98":4,"99":4,"100":36,"101":36,"102":36,"103":4,"104":2,"105":2,"106":2,"107":2,"108":1,"109":9,"110":9,"111":1,"112":1,"113":1,"114":1,"115":2,"116":1,"117":3,"118":3,"119":3,"120":19,"121":3,"122":3,"123":1,"124":2,"125":2,"126":18,"127":18,"128":18,"129":2,"130":1,"131":1,"132":1,"133":1,"134":1},"f":{"0":8,"1":70,"2":4,"3":20,"4":1,"5":1,"6":9,"7":3,"8":13,"9":18,"10":1,"11":9,"12":5,"13":18,"14":36,"15":1,"16":9,"17":3,"18":19,"19":18},"b":{"0":[1,7],"1":[1,6],"2":[1,5],"3":[1,4],"4":[1,3],"5":[1,2],"6":[1,1],"7":[1,3],"8":[1,2],"9":[20,2],"10":[1,1],"11":[1,0],"12":[1,2],"13":[18,8],"14":[1,1],"15":[1,0],"16":[1,4],"17":[36,12],"18":[2,2],"19":[1,0],"20":[1,2],"21":[18,4],"22":[1,1]},"_coverageSchema":"43e27e138ebf9cfc5966b082cf9a028302ed4184","hash":"370e5993c57d71eda2f8680c593a69f1fb6b0c2b","contentHash":"f1fc80719d56741a5d79a2b46f87104063a67a6d3cc7899508e8739286dd2e8e"},"C:\\Users\\Positivo_Computer\\Desktop\\free_mentors\\server\\api\\models\\usersDB.js":{"path":"C:\\Users\\Positivo_Computer\\Desktop\\free_mentors\\server\\api\\models\\usersDB.js","statementMap":{"0":{"start":{"line":3,"column":0},"end":{"line":5,"column":3}},"1":{"start":{"line":6,"column":0},"end":{"line":6,"column":28}},"2":{"start":{"line":7,"column":15},"end":{"line":129,"column":2}},"3":{"start":{"line":130,"column":15},"end":{"line":130,"column":23}},"4":{"start":{"line":131,"column":0},"end":{"line":131,"column":30}}},"fnMap":{},"branchMap":{},"s":{"0":1,"1":1,"2":1,"3":1,"4":1},"f":{},"b":{},"_coverageSchema":"43e27e138ebf9cfc5966b082cf9a028302ed4184","hash":"7eaef164889eae83be41d699d46fa06965ad75ae","contentHash":"570aa15cf3ef9c9a5b7a98ce45486ba6ccf535ca29965ade6446870430c12787"},"C:\\Users\\Positivo_Computer\\Desktop\\free_mentors\\server\\api\\controllers\\additionally.js":{"path":"C:\\Users\\Positivo_Computer\\Desktop\\free_mentors\\server\\api\\controllers\\additionally.js","statementMap":{"0":{"start":{"line":3,"column":29},"end":{"line":3,"column":84}},"1":{"start":{"line":5,"column":0},"end":{"line":7,"column":3}},"2":{"start":{"line":8,"column":0},"end":{"line":8,"column":28}},"3":{"start":{"line":10,"column":18},"end":{"line":10,"column":73}},"4":{"start":{"line":12,"column":16},"end":{"line":12,"column":69}},"5":{"start":{"line":14,"column":15},"end":{"line":14,"column":67}},"6":{"start":{"line":16,"column":20},"end":{"line":16,"column":67}},"7":{"start":{"line":18,"column":29},"end":{"line":546,"column":1}},"8":{"start":{"line":20,"column":36},"end":{"line":20,"column":65}},"9":{"start":{"line":22,"column":58},"end":{"line":22,"column":140}},"10":{"start":{"line":25,"column":29},"end":{"line":27,"column":6}},"11":{"start":{"line":26,"column":6},"end":{"line":26,"column":175}},"12":{"start":{"line":29,"column":4},"end":{"line":80,"column":5}},"13":{"start":{"line":30,"column":6},"end":{"line":33,"column":9}},"14":{"start":{"line":34,"column":11},"end":{"line":80,"column":5}},"15":{"start":{"line":35,"column":76},"end":{"line":38,"column":8}},"16":{"start":{"line":36,"column":24},"end":{"line":36,"column":38}},"17":{"start":{"line":37,"column":8},"end":{"line":37,"column":68}},"18":{"start":{"line":40,"column":6},"end":{"line":79,"column":7}},"19":{"start":{"line":41,"column":20},"end":{"line":41,"column":21}},"20":{"start":{"line":42,"column":25},"end":{"line":42,"column":35}},"21":{"start":{"line":43,"column":52},"end":{"line":53,"column":9}},"22":{"start":{"line":55,"column":8},"end":{"line":78,"column":9}},"23":{"start":{"line":56,"column":10},"end":{"line":59,"column":13}},"24":{"start":{"line":60,"column":15},"end":{"line":78,"column":9}},"25":{"start":{"line":61,"column":10},"end":{"line":64,"column":13}},"26":{"start":{"line":65,"column":15},"end":{"line":78,"column":9}},"27":{"start":{"line":66,"column":10},"end":{"line":69,"column":13}},"28":{"start":{"line":71,"column":10},"end":{"line":71,"column":75}},"29":{"start":{"line":73,"column":10},"end":{"line":77,"column":13}},"30":{"start":{"line":83,"column":4},"end":{"line":94,"column":5}},"31":{"start":{"line":84,"column":6},"end":{"line":88,"column":9}},"32":{"start":{"line":90,"column":6},"end":{"line":93,"column":9}},"33":{"start":{"line":97,"column":36},"end":{"line":97,"column":65}},"34":{"start":{"line":99,"column":58},"end":{"line":99,"column":140}},"35":{"start":{"line":101,"column":28},"end":{"line":103,"column":6}},"36":{"start":{"line":102,"column":6},"end":{"line":102,"column":212}},"37":{"start":{"line":105,"column":4},"end":{"line":166,"column":5}},"38":{"start":{"line":106,"column":6},"end":{"line":109,"column":9}},"39":{"start":{"line":110,"column":11},"end":{"line":166,"column":5}},"40":{"start":{"line":111,"column":31},"end":{"line":114,"column":8}},"41":{"start":{"line":112,"column":23},"end":{"line":112,"column":37}},"42":{"start":{"line":113,"column":8},"end":{"line":113,"column":105}},"43":{"start":{"line":116,"column":31},"end":{"line":119,"column":8}},"44":{"start":{"line":117,"column":23},"end":{"line":117,"column":37}},"45":{"start":{"line":118,"column":8},"end":{"line":118,"column":105}},"46":{"start":{"line":121,"column":6},"end":{"line":165,"column":7}},"47":{"start":{"line":122,"column":30},"end":{"line":122,"column":32}},"48":{"start":{"line":124,"column":8},"end":{"line":136,"column":9}},"49":{"start":{"line":124,"column":25},"end":{"line":124,"column":26}},"50":{"start":{"line":125,"column":10},"end":{"line":135,"column":13}},"51":{"start":{"line":138,"column":8},"end":{"line":142,"column":11}},"52":{"start":{"line":143,"column":13},"end":{"line":165,"column":7}},"53":{"start":{"line":144,"column":31},"end":{"line":144,"column":33}},"54":{"start":{"line":146,"column":8},"end":{"line":158,"column":9}},"55":{"start":{"line":146,"column":25},"end":{"line":146,"column":26}},"56":{"start":{"line":147,"column":10},"end":{"line":157,"column":13}},"57":{"start":{"line":160,"column":8},"end":{"line":164,"column":11}},"58":{"start":{"line":169,"column":36},"end":{"line":169,"column":65}},"59":{"start":{"line":171,"column":58},"end":{"line":171,"column":140}},"60":{"start":{"line":173,"column":29},"end":{"line":175,"column":6}},"61":{"start":{"line":174,"column":6},"end":{"line":174,"column":74}},"62":{"start":{"line":177,"column":69},"end":{"line":177,"column":117}},"63":{"start":{"line":179,"column":4},"end":{"line":200,"column":5}},"64":{"start":{"line":180,"column":6},"end":{"line":183,"column":9}},"65":{"start":{"line":184,"column":11},"end":{"line":200,"column":5}},"66":{"start":{"line":185,"column":73},"end":{"line":188,"column":8}},"67":{"start":{"line":186,"column":24},"end":{"line":186,"column":39}},"68":{"start":{"line":187,"column":8},"end":{"line":187,"column":68}},"69":{"start":{"line":190,"column":6},"end":{"line":199,"column":7}},"70":{"start":{"line":191,"column":20},"end":{"line":191,"column":21}},"71":{"start":{"line":193,"column":8},"end":{"line":193,"column":99}},"72":{"start":{"line":195,"column":8},"end":{"line":198,"column":11}},"73":{"start":{"line":203,"column":36},"end":{"line":203,"column":65}},"74":{"start":{"line":205,"column":58},"end":{"line":205,"column":140}},"75":{"start":{"line":207,"column":26},"end":{"line":209,"column":6}},"76":{"start":{"line":208,"column":6},"end":{"line":208,"column":61}},"77":{"start":{"line":211,"column":69},"end":{"line":211,"column":113}},"78":{"start":{"line":213,"column":4},"end":{"line":276,"column":5}},"79":{"start":{"line":214,"column":6},"end":{"line":217,"column":9}},"80":{"start":{"line":218,"column":11},"end":{"line":276,"column":5}},"81":{"start":{"line":219,"column":70},"end":{"line":222,"column":8}},"82":{"start":{"line":220,"column":17},"end":{"line":220,"column":25}},"83":{"start":{"line":221,"column":8},"end":{"line":221,"column":58}},"84":{"start":{"line":224,"column":6},"end":{"line":275,"column":7}},"85":{"start":{"line":225,"column":20},"end":{"line":225,"column":21}},"86":{"start":{"line":226,"column":22},"end":{"line":226,"column":30}},"87":{"start":{"line":227,"column":23},"end":{"line":227,"column":31}},"88":{"start":{"line":228,"column":23},"end":{"line":228,"column":30}},"89":{"start":{"line":229,"column":25},"end":{"line":229,"column":35}},"90":{"start":{"line":230,"column":52},"end":{"line":244,"column":9}},"91":{"start":{"line":246,"column":8},"end":{"line":274,"column":9}},"92":{"start":{"line":247,"column":10},"end":{"line":250,"column":13}},"93":{"start":{"line":251,"column":15},"end":{"line":274,"column":9}},"94":{"start":{"line":252,"column":10},"end":{"line":255,"column":13}},"95":{"start":{"line":256,"column":15},"end":{"line":274,"column":9}},"96":{"start":{"line":257,"column":10},"end":{"line":260,"column":13}},"97":{"start":{"line":261,"column":15},"end":{"line":274,"column":9}},"98":{"start":{"line":262,"column":10},"end":{"line":265,"column":13}},"99":{"start":{"line":267,"column":10},"end":{"line":267,"column":139}},"100":{"start":{"line":269,"column":10},"end":{"line":273,"column":13}},"101":{"start":{"line":279,"column":36},"end":{"line":279,"column":65}},"102":{"start":{"line":281,"column":58},"end":{"line":281,"column":140}},"103":{"start":{"line":283,"column":26},"end":{"line":285,"column":6}},"104":{"start":{"line":284,"column":6},"end":{"line":284,"column":61}},"105":{"start":{"line":287,"column":69},"end":{"line":287,"column":113}},"106":{"start":{"line":289,"column":4},"end":{"line":347,"column":5}},"107":{"start":{"line":290,"column":6},"end":{"line":293,"column":9}},"108":{"start":{"line":294,"column":11},"end":{"line":347,"column":5}},"109":{"start":{"line":295,"column":70},"end":{"line":298,"column":8}},"110":{"start":{"line":296,"column":17},"end":{"line":296,"column":25}},"111":{"start":{"line":297,"column":8},"end":{"line":297,"column":58}},"112":{"start":{"line":300,"column":6},"end":{"line":346,"column":7}},"113":{"start":{"line":301,"column":20},"end":{"line":301,"column":21}},"114":{"start":{"line":302,"column":25},"end":{"line":302,"column":35}},"115":{"start":{"line":303,"column":52},"end":{"line":316,"column":9}},"116":{"start":{"line":318,"column":32},"end":{"line":320,"column":10}},"117":{"start":{"line":319,"column":10},"end":{"line":319,"column":145}},"118":{"start":{"line":322,"column":8},"end":{"line":345,"column":9}},"119":{"start":{"line":323,"column":10},"end":{"line":326,"column":13}},"120":{"start":{"line":327,"column":15},"end":{"line":345,"column":9}},"121":{"start":{"line":328,"column":10},"end":{"line":331,"column":13}},"122":{"start":{"line":332,"column":15},"end":{"line":345,"column":9}},"123":{"start":{"line":333,"column":10},"end":{"line":336,"column":13}},"124":{"start":{"line":338,"column":10},"end":{"line":338,"column":139}},"125":{"start":{"line":340,"column":10},"end":{"line":344,"column":13}},"126":{"start":{"line":350,"column":36},"end":{"line":350,"column":65}},"127":{"start":{"line":352,"column":58},"end":{"line":352,"column":140}},"128":{"start":{"line":354,"column":26},"end":{"line":356,"column":6}},"129":{"start":{"line":355,"column":6},"end":{"line":355,"column":61}},"130":{"start":{"line":358,"column":69},"end":{"line":358,"column":113}},"131":{"start":{"line":360,"column":4},"end":{"line":415,"column":5}},"132":{"start":{"line":361,"column":6},"end":{"line":364,"column":9}},"133":{"start":{"line":365,"column":11},"end":{"line":415,"column":5}},"134":{"start":{"line":366,"column":70},"end":{"line":369,"column":8}},"135":{"start":{"line":367,"column":17},"end":{"line":367,"column":25}},"136":{"start":{"line":368,"column":8},"end":{"line":368,"column":58}},"137":{"start":{"line":371,"column":6},"end":{"line":414,"column":7}},"138":{"start":{"line":372,"column":20},"end":{"line":372,"column":21}},"139":{"start":{"line":373,"column":25},"end":{"line":373,"column":35}},"140":{"start":{"line":374,"column":31},"end":{"line":388,"column":9}},"141":{"start":{"line":390,"column":8},"end":{"line":413,"column":9}},"142":{"start":{"line":391,"column":10},"end":{"line":394,"column":13}},"143":{"start":{"line":395,"column":15},"end":{"line":413,"column":9}},"144":{"start":{"line":396,"column":10},"end":{"line":399,"column":13}},"145":{"start":{"line":400,"column":15},"end":{"line":413,"column":9}},"146":{"start":{"line":401,"column":10},"end":{"line":404,"column":13}},"147":{"start":{"line":406,"column":10},"end":{"line":406,"column":118}},"148":{"start":{"line":408,"column":10},"end":{"line":412,"column":13}},"149":{"start":{"line":418,"column":36},"end":{"line":418,"column":65}},"150":{"start":{"line":420,"column":58},"end":{"line":420,"column":140}},"151":{"start":{"line":422,"column":26},"end":{"line":424,"column":6}},"152":{"start":{"line":423,"column":6},"end":{"line":423,"column":102}},"153":{"start":{"line":426,"column":69},"end":{"line":426,"column":113}},"154":{"start":{"line":428,"column":4},"end":{"line":481,"column":5}},"155":{"start":{"line":429,"column":70},"end":{"line":432,"column":8}},"156":{"start":{"line":430,"column":17},"end":{"line":430,"column":25}},"157":{"start":{"line":431,"column":8},"end":{"line":431,"column":99}},"158":{"start":{"line":434,"column":6},"end":{"line":480,"column":7}},"159":{"start":{"line":435,"column":20},"end":{"line":435,"column":21}},"160":{"start":{"line":436,"column":25},"end":{"line":436,"column":35}},"161":{"start":{"line":437,"column":52},"end":{"line":450,"column":9}},"162":{"start":{"line":452,"column":32},"end":{"line":454,"column":10}},"163":{"start":{"line":453,"column":10},"end":{"line":453,"column":145}},"164":{"start":{"line":456,"column":8},"end":{"line":479,"column":9}},"165":{"start":{"line":457,"column":10},"end":{"line":460,"column":13}},"166":{"start":{"line":461,"column":15},"end":{"line":479,"column":9}},"167":{"start":{"line":462,"column":10},"end":{"line":465,"column":13}},"168":{"start":{"line":466,"column":15},"end":{"line":479,"column":9}},"169":{"start":{"line":467,"column":10},"end":{"line":470,"column":13}},"170":{"start":{"line":472,"column":10},"end":{"line":472,"column":139}},"171":{"start":{"line":474,"column":10},"end":{"line":478,"column":13}},"172":{"start":{"line":484,"column":36},"end":{"line":484,"column":65}},"173":{"start":{"line":486,"column":58},"end":{"line":486,"column":140}},"174":{"start":{"line":488,"column":26},"end":{"line":490,"column":6}},"175":{"start":{"line":489,"column":6},"end":{"line":489,"column":102}},"176":{"start":{"line":492,"column":69},"end":{"line":492,"column":113}},"177":{"start":{"line":494,"column":4},"end":{"line":544,"column":5}},"178":{"start":{"line":495,"column":70},"end":{"line":498,"column":8}},"179":{"start":{"line":496,"column":17},"end":{"line":496,"column":25}},"180":{"start":{"line":497,"column":8},"end":{"line":497,"column":99}},"181":{"start":{"line":500,"column":6},"end":{"line":543,"column":7}},"182":{"start":{"line":501,"column":20},"end":{"line":501,"column":21}},"183":{"start":{"line":502,"column":25},"end":{"line":502,"column":35}},"184":{"start":{"line":503,"column":31},"end":{"line":517,"column":9}},"185":{"start":{"line":519,"column":8},"end":{"line":542,"column":9}},"186":{"start":{"line":520,"column":10},"end":{"line":523,"column":13}},"187":{"start":{"line":524,"column":15},"end":{"line":542,"column":9}},"188":{"start":{"line":525,"column":10},"end":{"line":528,"column":13}},"189":{"start":{"line":529,"column":15},"end":{"line":542,"column":9}},"190":{"start":{"line":530,"column":10},"end":{"line":533,"column":13}},"191":{"start":{"line":535,"column":10},"end":{"line":535,"column":118}},"192":{"start":{"line":537,"column":10},"end":{"line":541,"column":13}},"193":{"start":{"line":547,"column":15},"end":{"line":547,"column":37}},"194":{"start":{"line":548,"column":0},"end":{"line":548,"column":30}}},"fnMap":{"0":{"name":"review_mentor","decl":{"start":{"line":19,"column":26},"end":{"line":19,"column":39}},"loc":{"start":{"line":19,"column":59},"end":{"line":81,"column":3}},"line":19},"1":{"name":"(anonymous_1)","decl":{"start":{"line":25,"column":57},"end":{"line":25,"column":58}},"loc":{"start":{"line":25,"column":76},"end":{"line":27,"column":5}},"line":25},"2":{"name":"(anonymous_2)","decl":{"start":{"line":35,"column":106},"end":{"line":35,"column":107}},"loc":{"start":{"line":35,"column":122},"end":{"line":38,"column":7}},"line":35},"3":{"name":"view_all_review","decl":{"start":{"line":82,"column":28},"end":{"line":82,"column":43}},"loc":{"start":{"line":82,"column":63},"end":{"line":95,"column":3}},"line":82},"4":{"name":"view_review","decl":{"start":{"line":96,"column":24},"end":{"line":96,"column":35}},"loc":{"start":{"line":96,"column":55},"end":{"line":167,"column":3}},"line":96},"5":{"name":"(anonymous_5)","decl":{"start":{"line":101,"column":54},"end":{"line":101,"column":55}},"loc":{"start":{"line":101,"column":73},"end":{"line":103,"column":5}},"line":101},"6":{"name":"(anonymous_6)","decl":{"start":{"line":111,"column":59},"end":{"line":111,"column":60}},"loc":{"start":{"line":111,"column":76},"end":{"line":114,"column":7}},"line":111},"7":{"name":"(anonymous_7)","decl":{"start":{"line":116,"column":59},"end":{"line":116,"column":60}},"loc":{"start":{"line":116,"column":76},"end":{"line":119,"column":7}},"line":116},"8":{"name":"delete_review","decl":{"start":{"line":168,"column":26},"end":{"line":168,"column":39}},"loc":{"start":{"line":168,"column":59},"end":{"line":201,"column":3}},"line":168},"9":{"name":"(anonymous_9)","decl":{"start":{"line":173,"column":55},"end":{"line":173,"column":56}},"loc":{"start":{"line":173,"column":74},"end":{"line":175,"column":5}},"line":173},"10":{"name":"(anonymous_10)","decl":{"start":{"line":185,"column":101},"end":{"line":185,"column":102}},"loc":{"start":{"line":185,"column":118},"end":{"line":188,"column":7}},"line":185},"11":{"name":"change_user_to_mentor","decl":{"start":{"line":202,"column":34},"end":{"line":202,"column":55}},"loc":{"start":{"line":202,"column":75},"end":{"line":277,"column":3}},"line":202},"12":{"name":"(anonymous_12)","decl":{"start":{"line":207,"column":51},"end":{"line":207,"column":52}},"loc":{"start":{"line":207,"column":67},"end":{"line":209,"column":5}},"line":207},"13":{"name":"(anonymous_13)","decl":{"start":{"line":219,"column":97},"end":{"line":219,"column":98}},"loc":{"start":{"line":219,"column":114},"end":{"line":222,"column":7}},"line":219},"14":{"name":"update_profile","decl":{"start":{"line":278,"column":27},"end":{"line":278,"column":41}},"loc":{"start":{"line":278,"column":61},"end":{"line":348,"column":3}},"line":278},"15":{"name":"(anonymous_15)","decl":{"start":{"line":283,"column":51},"end":{"line":283,"column":52}},"loc":{"start":{"line":283,"column":67},"end":{"line":285,"column":5}},"line":283},"16":{"name":"(anonymous_16)","decl":{"start":{"line":295,"column":97},"end":{"line":295,"column":98}},"loc":{"start":{"line":295,"column":114},"end":{"line":298,"column":7}},"line":295},"17":{"name":"(anonymous_17)","decl":{"start":{"line":318,"column":57},"end":{"line":318,"column":58}},"loc":{"start":{"line":318,"column":71},"end":{"line":320,"column":9}},"line":318},"18":{"name":"update_password","decl":{"start":{"line":349,"column":28},"end":{"line":349,"column":43}},"loc":{"start":{"line":349,"column":63},"end":{"line":416,"column":3}},"line":349},"19":{"name":"(anonymous_19)","decl":{"start":{"line":354,"column":51},"end":{"line":354,"column":52}},"loc":{"start":{"line":354,"column":67},"end":{"line":356,"column":5}},"line":354},"20":{"name":"(anonymous_20)","decl":{"start":{"line":366,"column":97},"end":{"line":366,"column":98}},"loc":{"start":{"line":366,"column":114},"end":{"line":369,"column":7}},"line":366},"21":{"name":"change_profile","decl":{"start":{"line":417,"column":27},"end":{"line":417,"column":41}},"loc":{"start":{"line":417,"column":61},"end":{"line":482,"column":3}},"line":417},"22":{"name":"(anonymous_22)","decl":{"start":{"line":422,"column":51},"end":{"line":422,"column":52}},"loc":{"start":{"line":422,"column":67},"end":{"line":424,"column":5}},"line":422},"23":{"name":"(anonymous_23)","decl":{"start":{"line":429,"column":97},"end":{"line":429,"column":98}},"loc":{"start":{"line":429,"column":114},"end":{"line":432,"column":7}},"line":429},"24":{"name":"(anonymous_24)","decl":{"start":{"line":452,"column":57},"end":{"line":452,"column":58}},"loc":{"start":{"line":452,"column":71},"end":{"line":454,"column":9}},"line":452},"25":{"name":"change_password","decl":{"start":{"line":483,"column":28},"end":{"line":483,"column":43}},"loc":{"start":{"line":483,"column":63},"end":{"line":545,"column":3}},"line":483},"26":{"name":"(anonymous_26)","decl":{"start":{"line":488,"column":51},"end":{"line":488,"column":52}},"loc":{"start":{"line":488,"column":67},"end":{"line":490,"column":5}},"line":488},"27":{"name":"(anonymous_27)","decl":{"start":{"line":495,"column":97},"end":{"line":495,"column":98}},"loc":{"start":{"line":495,"column":114},"end":{"line":498,"column":7}},"line":495}},"branchMap":{"0":{"loc":{"start":{"line":26,"column":13},"end":{"line":26,"column":174}},"type":"binary-expr","locations":[{"start":{"line":26,"column":13},"end":{"line":26,"column":73}},{"start":{"line":26,"column":77},"end":{"line":26,"column":174}}],"line":26},"1":{"loc":{"start":{"line":29,"column":4},"end":{"line":80,"column":5}},"type":"if","locations":[{"start":{"line":29,"column":4},"end":{"line":80,"column":5}},{"start":{"line":29,"column":4},"end":{"line":80,"column":5}}],"line":29},"2":{"loc":{"start":{"line":34,"column":11},"end":{"line":80,"column":5}},"type":"if","locations":[{"start":{"line":34,"column":11},"end":{"line":80,"column":5}},{"start":{"line":34,"column":11},"end":{"line":80,"column":5}}],"line":34},"3":{"loc":{"start":{"line":40,"column":6},"end":{"line":79,"column":7}},"type":"if","locations":[{"start":{"line":40,"column":6},"end":{"line":79,"column":7}},{"start":{"line":40,"column":6},"end":{"line":79,"column":7}}],"line":40},"4":{"loc":{"start":{"line":55,"column":8},"end":{"line":78,"column":9}},"type":"if","locations":[{"start":{"line":55,"column":8},"end":{"line":78,"column":9}},{"start":{"line":55,"column":8},"end":{"line":78,"column":9}}],"line":55},"5":{"loc":{"start":{"line":60,"column":15},"end":{"line":78,"column":9}},"type":"if","locations":[{"start":{"line":60,"column":15},"end":{"line":78,"column":9}},{"start":{"line":60,"column":15},"end":{"line":78,"column":9}}],"line":60},"6":{"loc":{"start":{"line":60,"column":19},"end":{"line":60,"column":150}},"type":"binary-expr","locations":[{"start":{"line":60,"column":19},"end":{"line":60,"column":42}},{"start":{"line":60,"column":46},"end":{"line":60,"column":69}},{"start":{"line":60,"column":73},"end":{"line":60,"column":96}},{"start":{"line":60,"column":100},"end":{"line":60,"column":123}},{"start":{"line":60,"column":127},"end":{"line":60,"column":150}}],"line":60},"7":{"loc":{"start":{"line":65,"column":15},"end":{"line":78,"column":9}},"type":"if","locations":[{"start":{"line":65,"column":15},"end":{"line":78,"column":9}},{"start":{"line":65,"column":15},"end":{"line":78,"column":9}}],"line":65},"8":{"loc":{"start":{"line":83,"column":4},"end":{"line":94,"column":5}},"type":"if","locations":[{"start":{"line":83,"column":4},"end":{"line":94,"column":5}},{"start":{"line":83,"column":4},"end":{"line":94,"column":5}}],"line":83},"9":{"loc":{"start":{"line":102,"column":13},"end":{"line":102,"column":211}},"type":"binary-expr","locations":[{"start":{"line":102,"column":13},"end":{"line":102,"column":110}},{"start":{"line":102,"column":114},"end":{"line":102,"column":211}}],"line":102},"10":{"loc":{"start":{"line":105,"column":4},"end":{"line":166,"column":5}},"type":"if","locations":[{"start":{"line":105,"column":4},"end":{"line":166,"column":5}},{"start":{"line":105,"column":4},"end":{"line":166,"column":5}}],"line":105},"11":{"loc":{"start":{"line":110,"column":11},"end":{"line":166,"column":5}},"type":"if","locations":[{"start":{"line":110,"column":11},"end":{"line":166,"column":5}},{"start":{"line":110,"column":11},"end":{"line":166,"column":5}}],"line":110},"12":{"loc":{"start":{"line":121,"column":6},"end":{"line":165,"column":7}},"type":"if","locations":[{"start":{"line":121,"column":6},"end":{"line":165,"column":7}},{"start":{"line":121,"column":6},"end":{"line":165,"column":7}}],"line":121},"13":{"loc":{"start":{"line":143,"column":13},"end":{"line":165,"column":7}},"type":"if","locations":[{"start":{"line":143,"column":13},"end":{"line":165,"column":7}},{"start":{"line":143,"column":13},"end":{"line":165,"column":7}}],"line":143},"14":{"loc":{"start":{"line":179,"column":4},"end":{"line":200,"column":5}},"type":"if","locations":[{"start":{"line":179,"column":4},"end":{"line":200,"column":5}},{"start":{"line":179,"column":4},"end":{"line":200,"column":5}}],"line":179},"15":{"loc":{"start":{"line":184,"column":11},"end":{"line":200,"column":5}},"type":"if","locations":[{"start":{"line":184,"column":11},"end":{"line":200,"column":5}},{"start":{"line":184,"column":11},"end":{"line":200,"column":5}}],"line":184},"16":{"loc":{"start":{"line":190,"column":6},"end":{"line":199,"column":7}},"type":"if","locations":[{"start":{"line":190,"column":6},"end":{"line":199,"column":7}},{"start":{"line":190,"column":6},"end":{"line":199,"column":7}}],"line":190},"17":{"loc":{"start":{"line":213,"column":4},"end":{"line":276,"column":5}},"type":"if","locations":[{"start":{"line":213,"column":4},"end":{"line":276,"column":5}},{"start":{"line":213,"column":4},"end":{"line":276,"column":5}}],"line":213},"18":{"loc":{"start":{"line":218,"column":11},"end":{"line":276,"column":5}},"type":"if","locations":[{"start":{"line":218,"column":11},"end":{"line":276,"column":5}},{"start":{"line":218,"column":11},"end":{"line":276,"column":5}}],"line":218},"19":{"loc":{"start":{"line":224,"column":6},"end":{"line":275,"column":7}},"type":"if","locations":[{"start":{"line":224,"column":6},"end":{"line":275,"column":7}},{"start":{"line":224,"column":6},"end":{"line":275,"column":7}}],"line":224},"20":{"loc":{"start":{"line":246,"column":8},"end":{"line":274,"column":9}},"type":"if","locations":[{"start":{"line":246,"column":8},"end":{"line":274,"column":9}},{"start":{"line":246,"column":8},"end":{"line":274,"column":9}}],"line":246},"21":{"loc":{"start":{"line":246,"column":12},"end":{"line":246,"column":118}},"type":"binary-expr","locations":[{"start":{"line":246,"column":12},"end":{"line":246,"column":44}},{"start":{"line":246,"column":48},"end":{"line":246,"column":81}},{"start":{"line":246,"column":85},"end":{"line":246,"column":118}}],"line":246},"22":{"loc":{"start":{"line":251,"column":15},"end":{"line":274,"column":9}},"type":"if","locations":[{"start":{"line":251,"column":15},"end":{"line":274,"column":9}},{"start":{"line":251,"column":15},"end":{"line":274,"column":9}}],"line":251},"23":{"loc":{"start":{"line":251,"column":19},"end":{"line":251,"column":141}},"type":"binary-expr","locations":[{"start":{"line":251,"column":19},"end":{"line":251,"column":104}},{"start":{"line":251,"column":108},"end":{"line":251,"column":141}}],"line":251},"24":{"loc":{"start":{"line":256,"column":15},"end":{"line":274,"column":9}},"type":"if","locations":[{"start":{"line":256,"column":15},"end":{"line":274,"column":9}},{"start":{"line":256,"column":15},"end":{"line":274,"column":9}}],"line":256},"25":{"loc":{"start":{"line":256,"column":19},"end":{"line":256,"column":143}},"type":"binary-expr","locations":[{"start":{"line":256,"column":19},"end":{"line":256,"column":105}},{"start":{"line":256,"column":109},"end":{"line":256,"column":143}}],"line":256},"26":{"loc":{"start":{"line":261,"column":15},"end":{"line":274,"column":9}},"type":"if","locations":[{"start":{"line":261,"column":15},"end":{"line":274,"column":9}},{"start":{"line":261,"column":15},"end":{"line":274,"column":9}}],"line":261},"27":{"loc":{"start":{"line":261,"column":19},"end":{"line":261,"column":143}},"type":"binary-expr","locations":[{"start":{"line":261,"column":19},"end":{"line":261,"column":105}},{"start":{"line":261,"column":109},"end":{"line":261,"column":143}}],"line":261},"28":{"loc":{"start":{"line":289,"column":4},"end":{"line":347,"column":5}},"type":"if","locations":[{"start":{"line":289,"column":4},"end":{"line":347,"column":5}},{"start":{"line":289,"column":4},"end":{"line":347,"column":5}}],"line":289},"29":{"loc":{"start":{"line":294,"column":11},"end":{"line":347,"column":5}},"type":"if","locations":[{"start":{"line":294,"column":11},"end":{"line":347,"column":5}},{"start":{"line":294,"column":11},"end":{"line":347,"column":5}}],"line":294},"30":{"loc":{"start":{"line":300,"column":6},"end":{"line":346,"column":7}},"type":"if","locations":[{"start":{"line":300,"column":6},"end":{"line":346,"column":7}},{"start":{"line":300,"column":6},"end":{"line":346,"column":7}}],"line":300},"31":{"loc":{"start":{"line":319,"column":17},"end":{"line":319,"column":144}},"type":"binary-expr","locations":[{"start":{"line":319,"column":17},"end":{"line":319,"column":48}},{"start":{"line":319,"column":52},"end":{"line":319,"column":144}}],"line":319},"32":{"loc":{"start":{"line":322,"column":8},"end":{"line":345,"column":9}},"type":"if","locations":[{"start":{"line":322,"column":8},"end":{"line":345,"column":9}},{"start":{"line":322,"column":8},"end":{"line":345,"column":9}}],"line":322},"33":{"loc":{"start":{"line":327,"column":15},"end":{"line":345,"column":9}},"type":"if","locations":[{"start":{"line":327,"column":15},"end":{"line":345,"column":9}},{"start":{"line":327,"column":15},"end":{"line":345,"column":9}}],"line":327},"34":{"loc":{"start":{"line":332,"column":15},"end":{"line":345,"column":9}},"type":"if","locations":[{"start":{"line":332,"column":15},"end":{"line":345,"column":9}},{"start":{"line":332,"column":15},"end":{"line":345,"column":9}}],"line":332},"35":{"loc":{"start":{"line":360,"column":4},"end":{"line":415,"column":5}},"type":"if","locations":[{"start":{"line":360,"column":4},"end":{"line":415,"column":5}},{"start":{"line":360,"column":4},"end":{"line":415,"column":5}}],"line":360},"36":{"loc":{"start":{"line":365,"column":11},"end":{"line":415,"column":5}},"type":"if","locations":[{"start":{"line":365,"column":11},"end":{"line":415,"column":5}},{"start":{"line":365,"column":11},"end":{"line":415,"column":5}}],"line":365},"37":{"loc":{"start":{"line":371,"column":6},"end":{"line":414,"column":7}},"type":"if","locations":[{"start":{"line":371,"column":6},"end":{"line":414,"column":7}},{"start":{"line":371,"column":6},"end":{"line":414,"column":7}}],"line":371},"38":{"loc":{"start":{"line":390,"column":8},"end":{"line":413,"column":9}},"type":"if","locations":[{"start":{"line":390,"column":8},"end":{"line":413,"column":9}},{"start":{"line":390,"column":8},"end":{"line":413,"column":9}}],"line":390},"39":{"loc":{"start":{"line":395,"column":15},"end":{"line":413,"column":9}},"type":"if","locations":[{"start":{"line":395,"column":15},"end":{"line":413,"column":9}},{"start":{"line":395,"column":15},"end":{"line":413,"column":9}}],"line":395},"40":{"loc":{"start":{"line":400,"column":15},"end":{"line":413,"column":9}},"type":"if","locations":[{"start":{"line":400,"column":15},"end":{"line":413,"column":9}},{"start":{"line":400,"column":15},"end":{"line":413,"column":9}}],"line":400},"41":{"loc":{"start":{"line":428,"column":4},"end":{"line":481,"column":5}},"type":"if","locations":[{"start":{"line":428,"column":4},"end":{"line":481,"column":5}},{"start":{"line":428,"column":4},"end":{"line":481,"column":5}}],"line":428},"42":{"loc":{"start":{"line":434,"column":6},"end":{"line":480,"column":7}},"type":"if","locations":[{"start":{"line":434,"column":6},"end":{"line":480,"column":7}},{"start":{"line":434,"column":6},"end":{"line":480,"column":7}}],"line":434},"43":{"loc":{"start":{"line":453,"column":17},"end":{"line":453,"column":144}},"type":"binary-expr","locations":[{"start":{"line":453,"column":17},"end":{"line":453,"column":48}},{"start":{"line":453,"column":52},"end":{"line":453,"column":144}}],"line":453},"44":{"loc":{"start":{"line":456,"column":8},"end":{"line":479,"column":9}},"type":"if","locations":[{"start":{"line":456,"column":8},"end":{"line":479,"column":9}},{"start":{"line":456,"column":8},"end":{"line":479,"column":9}}],"line":456},"45":{"loc":{"start":{"line":461,"column":15},"end":{"line":479,"column":9}},"type":"if","locations":[{"start":{"line":461,"column":15},"end":{"line":479,"column":9}},{"start":{"line":461,"column":15},"end":{"line":479,"column":9}}],"line":461},"46":{"loc":{"start":{"line":466,"column":15},"end":{"line":479,"column":9}},"type":"if","locations":[{"start":{"line":466,"column":15},"end":{"line":479,"column":9}},{"start":{"line":466,"column":15},"end":{"line":479,"column":9}}],"line":466},"47":{"loc":{"start":{"line":494,"column":4},"end":{"line":544,"column":5}},"type":"if","locations":[{"start":{"line":494,"column":4},"end":{"line":544,"column":5}},{"start":{"line":494,"column":4},"end":{"line":544,"column":5}}],"line":494},"48":{"loc":{"start":{"line":500,"column":6},"end":{"line":543,"column":7}},"type":"if","locations":[{"start":{"line":500,"column":6},"end":{"line":543,"column":7}},{"start":{"line":500,"column":6},"end":{"line":543,"column":7}}],"line":500},"49":{"loc":{"start":{"line":519,"column":8},"end":{"line":542,"column":9}},"type":"if","locations":[{"start":{"line":519,"column":8},"end":{"line":542,"column":9}},{"start":{"line":519,"column":8},"end":{"line":542,"column":9}}],"line":519},"50":{"loc":{"start":{"line":524,"column":15},"end":{"line":542,"column":9}},"type":"if","locations":[{"start":{"line":524,"column":15},"end":{"line":542,"column":9}},{"start":{"line":524,"column":15},"end":{"line":542,"column":9}}],"line":524},"51":{"loc":{"start":{"line":529,"column":15},"end":{"line":542,"column":9}},"type":"if","locations":[{"start":{"line":529,"column":15},"end":{"line":542,"column":9}},{"start":{"line":529,"column":15},"end":{"line":542,"column":9}}],"line":529}},"s":{"0":1,"1":1,"2":1,"3":1,"4":1,"5":1,"6":1,"7":1,"8":2,"9":2,"10":2,"11":9,"12":2,"13":1,"14":1,"15":1,"16":8,"17":8,"18":1,"19":1,"20":1,"21":1,"22":1,"23":0,"24":1,"25":0,"26":1,"27":0,"28":1,"29":1,"30":2,"31":2,"32":0,"33":3,"34":3,"35":3,"36":6,"37":3,"38":1,"39":2,"40":2,"41":8,"42":8,"43":2,"44":8,"45":8,"46":2,"47":1,"48":1,"49":1,"50":2,"51":1,"52":1,"53":1,"54":1,"55":1,"56":3,"57":1,"58":2,"59":2,"60":2,"61":6,"62":2,"63":2,"64":1,"65":1,"66":1,"67":5,"68":5,"69":1,"70":1,"71":1,"72":1,"73":5,"74":5,"75":5,"76":18,"77":5,"78":5,"79":1,"80":4,"81":4,"82":40,"83":40,"84":4,"85":4,"86":4,"87":4,"88":4,"89":4,"90":4,"91":4,"92":2,"93":2,"94":0,"95":2,"96":1,"97":1,"98":0,"99":1,"100":1,"101":3,"102":3,"103":3,"104":12,"105":3,"106":3,"107":1,"108":2,"109":2,"110":20,"111":20,"112":2,"113":2,"114":2,"115":2,"116":2,"117":20,"118":2,"119":1,"120":1,"121":0,"122":1,"123":1,"124":0,"125":0,"126":5,"127":5,"128":5,"129":14,"130":5,"131":5,"132":1,"133":4,"134":4,"135":40,"136":40,"137":4,"138":4,"139":4,"140":4,"141":4,"142":2,"143":2,"144":1,"145":1,"146":0,"147":1,"148":1,"149":4,"150":4,"151":4,"152":8,"153":4,"154":4,"155":4,"156":40,"157":40,"158":4,"159":4,"160":4,"161":4,"162":4,"163":40,"164":4,"165":1,"166":3,"167":1,"168":2,"169":1,"170":1,"171":1,"172":4,"173":4,"174":4,"175":8,"176":4,"177":4,"178":4,"179":40,"180":40,"181":4,"182":4,"183":4,"184":4,"185":4,"186":1,"187":3,"188":1,"189":2,"190":1,"191":1,"192":1,"193":1,"194":1},"f":{"0":2,"1":9,"2":8,"3":2,"4":3,"5":6,"6":8,"7":8,"8":2,"9":6,"10":5,"11":5,"12":18,"13":40,"14":3,"15":12,"16":20,"17":20,"18":5,"19":14,"20":40,"21":4,"22":8,"23":40,"24":40,"25":4,"26":8,"27":40},"b":{"0":[9,1],"1":[1,1],"2":[1,0],"3":[1,0],"4":[0,1],"5":[0,1],"6":[1,1,0,0,0],"7":[0,1],"8":[2,0],"9":[6,5],"10":[1,2],"11":[2,0],"12":[1,1],"13":[1,0],"14":[1,1],"15":[1,0],"16":[1,0],"17":[1,4],"18":[4,0],"19":[4,0],"20":[2,2],"21":[4,4,2],"22":[0,2],"23":[2,0],"24":[1,1],"25":[2,1],"26":[0,1],"27":[1,1],"28":[1,2],"29":[2,0],"30":[2,0],"31":[20,1],"32":[1,1],"33":[0,1],"34":[1,0],"35":[1,4],"36":[4,0],"37":[4,0],"38":[2,2],"39":[1,1],"40":[0,1],"41":[4,0],"42":[4,0],"43":[40,2],"44":[1,3],"45":[1,2],"46":[1,1],"47":[4,0],"48":[4,0],"49":[1,3],"50":[1,2],"51":[1,1]},"_coverageSchema":"43e27e138ebf9cfc5966b082cf9a028302ed4184","hash":"2419dd38432e695635fb963f9db7acd11ce700cd","contentHash":"69355910fc1306852492633583b2070159a02ef08c109623f4f5f61c05830569"},"C:\\Users\\Positivo_Computer\\Desktop\\free_mentors\\server\\api\\models\\sessionsDB.js":{"path":"C:\\Users\\Positivo_Computer\\Desktop\\free_mentors\\server\\api\\models\\sessionsDB.js","statementMap":{"0":{"start":{"line":3,"column":0},"end":{"line":5,"column":3}},"1":{"start":{"line":6,"column":0},"end":{"line":6,"column":28}},"2":{"start":{"line":7,"column":16},"end":{"line":70,"column":2}},"3":{"start":{"line":71,"column":15},"end":{"line":71,"column":24}},"4":{"start":{"line":72,"column":0},"end":{"line":72,"column":30}}},"fnMap":{},"branchMap":{},"s":{"0":1,"1":1,"2":1,"3":1,"4":1},"f":{},"b":{},"_coverageSchema":"43e27e138ebf9cfc5966b082cf9a028302ed4184","hash":"8229a93c442d57f29dda448228e56f5f1baac3f7","contentHash":"31263944199c5dfbeda036bcd4f21f3c338d6c0952ee34d917b342d342aa21cb"},"C:\\Users\\Positivo_Computer\\Desktop\\free_mentors\\server\\api\\models\\reviewDB.js":{"path":"C:\\Users\\Positivo_Computer\\Desktop\\free_mentors\\server\\api\\models\\reviewDB.js","statementMap":{"0":{"start":{"line":3,"column":0},"end":{"line":5,"column":3}},"1":{"start":{"line":6,"column":0},"end":{"line":6,"column":28}},"2":{"start":{"line":7,"column":15},"end":{"line":47,"column":2}},"3":{"start":{"line":48,"column":15},"end":{"line":48,"column":23}},"4":{"start":{"line":49,"column":0},"end":{"line":49,"column":30}}},"fnMap":{},"branchMap":{},"s":{"0":1,"1":1,"2":1,"3":1,"4":1},"f":{},"b":{},"_coverageSchema":"43e27e138ebf9cfc5966b082cf9a028302ed4184","hash":"f6f295655c6254296de14276c740a047895daa69","contentHash":"7b44674498d619cc6a180180046e678ef04c6b328b30f6839c308f4259d208c7"},"C:\\Users\\Positivo_Computer\\Desktop\\free_mentors\\server\\api\\controllers\\sessionsController.js":{"path":"C:\\Users\\Positivo_Computer\\Desktop\\free_mentors\\server\\api\\controllers\\sessionsController.js","statementMap":{"0":{"start":{"line":3,"column":29},"end":{"line":3,"column":84}},"1":{"start":{"line":5,"column":0},"end":{"line":7,"column":3}},"2":{"start":{"line":8,"column":0},"end":{"line":8,"column":28}},"3":{"start":{"line":10,"column":18},"end":{"line":10,"column":73}},"4":{"start":{"line":12,"column":15},"end":{"line":12,"column":67}},"5":{"start":{"line":14,"column":20},"end":{"line":14,"column":67}},"6":{"start":{"line":16,"column":24},"end":{"line":660,"column":1}},"7":{"start":{"line":18,"column":36},"end":{"line":18,"column":65}},"8":{"start":{"line":20,"column":58},"end":{"line":20,"column":140}},"9":{"start":{"line":22,"column":19},"end":{"line":22,"column":40}},"10":{"start":{"line":24,"column":28},"end":{"line":26,"column":6}},"11":{"start":{"line":25,"column":6},"end":{"line":25,"column":68}},"12":{"start":{"line":28,"column":4},"end":{"line":93,"column":5}},"13":{"start":{"line":29,"column":6},"end":{"line":32,"column":9}},"14":{"start":{"line":34,"column":56},"end":{"line":38,"column":8}},"15":{"start":{"line":35,"column":23},"end":{"line":35,"column":36}},"16":{"start":{"line":36,"column":17},"end":{"line":36,"column":24}},"17":{"start":{"line":37,"column":8},"end":{"line":37,"column":56}},"18":{"start":{"line":40,"column":6},"end":{"line":92,"column":7}},"19":{"start":{"line":41,"column":46},"end":{"line":41,"column":48}},"20":{"start":{"line":42,"column":37},"end":{"line":42,"column":39}},"21":{"start":{"line":44,"column":8},"end":{"line":91,"column":9}},"22":{"start":{"line":44,"column":21},"end":{"line":44,"column":22}},"23":{"start":{"line":45,"column":10},"end":{"line":45,"column":96}},"24":{"start":{"line":46,"column":27},"end":{"line":46,"column":37}},"25":{"start":{"line":48,"column":10},"end":{"line":58,"column":13}},"26":{"start":{"line":60,"column":10},"end":{"line":70,"column":13}},"27":{"start":{"line":72,"column":10},"end":{"line":88,"column":11}},"28":{"start":{"line":73,"column":12},"end":{"line":76,"column":15}},"29":{"start":{"line":77,"column":17},"end":{"line":88,"column":11}},"30":{"start":{"line":78,"column":12},"end":{"line":81,"column":15}},"31":{"start":{"line":83,"column":12},"end":{"line":87,"column":15}},"32":{"start":{"line":97,"column":4},"end":{"line":101,"column":7}},"33":{"start":{"line":104,"column":36},"end":{"line":104,"column":65}},"34":{"start":{"line":106,"column":58},"end":{"line":106,"column":140}},"35":{"start":{"line":108,"column":50},"end":{"line":110,"column":6}},"36":{"start":{"line":109,"column":6},"end":{"line":109,"column":212}},"37":{"start":{"line":112,"column":4},"end":{"line":177,"column":5}},"38":{"start":{"line":113,"column":6},"end":{"line":116,"column":9}},"39":{"start":{"line":117,"column":11},"end":{"line":177,"column":5}},"40":{"start":{"line":118,"column":32},"end":{"line":121,"column":8}},"41":{"start":{"line":119,"column":23},"end":{"line":119,"column":37}},"42":{"start":{"line":120,"column":8},"end":{"line":120,"column":105}},"43":{"start":{"line":123,"column":32},"end":{"line":126,"column":8}},"44":{"start":{"line":124,"column":23},"end":{"line":124,"column":37}},"45":{"start":{"line":125,"column":8},"end":{"line":125,"column":105}},"46":{"start":{"line":128,"column":6},"end":{"line":176,"column":7}},"47":{"start":{"line":129,"column":30},"end":{"line":129,"column":32}},"48":{"start":{"line":131,"column":8},"end":{"line":145,"column":9}},"49":{"start":{"line":131,"column":25},"end":{"line":131,"column":26}},"50":{"start":{"line":132,"column":10},"end":{"line":144,"column":13}},"51":{"start":{"line":147,"column":8},"end":{"line":151,"column":11}},"52":{"start":{"line":152,"column":13},"end":{"line":176,"column":7}},"53":{"start":{"line":153,"column":31},"end":{"line":153,"column":33}},"54":{"start":{"line":155,"column":8},"end":{"line":169,"column":9}},"55":{"start":{"line":155,"column":25},"end":{"line":155,"column":26}},"56":{"start":{"line":156,"column":10},"end":{"line":168,"column":13}},"57":{"start":{"line":171,"column":8},"end":{"line":175,"column":11}},"58":{"start":{"line":180,"column":36},"end":{"line":180,"column":65}},"59":{"start":{"line":182,"column":58},"end":{"line":182,"column":140}},"60":{"start":{"line":184,"column":50},"end":{"line":186,"column":6}},"61":{"start":{"line":185,"column":6},"end":{"line":185,"column":80}},"62":{"start":{"line":188,"column":4},"end":{"line":223,"column":5}},"63":{"start":{"line":189,"column":6},"end":{"line":192,"column":9}},"64":{"start":{"line":193,"column":11},"end":{"line":223,"column":5}},"65":{"start":{"line":194,"column":42},"end":{"line":197,"column":8}},"66":{"start":{"line":195,"column":24},"end":{"line":195,"column":39}},"67":{"start":{"line":196,"column":8},"end":{"line":196,"column":68}},"68":{"start":{"line":199,"column":6},"end":{"line":222,"column":7}},"69":{"start":{"line":200,"column":30},"end":{"line":200,"column":32}},"70":{"start":{"line":202,"column":8},"end":{"line":221,"column":9}},"71":{"start":{"line":202,"column":25},"end":{"line":202,"column":26}},"72":{"start":{"line":203,"column":10},"end":{"line":215,"column":13}},"73":{"start":{"line":216,"column":10},"end":{"line":220,"column":13}},"74":{"start":{"line":226,"column":36},"end":{"line":226,"column":65}},"75":{"start":{"line":228,"column":58},"end":{"line":228,"column":140}},"76":{"start":{"line":230,"column":40},"end":{"line":232,"column":6}},"77":{"start":{"line":231,"column":6},"end":{"line":231,"column":85}},"78":{"start":{"line":234,"column":4},"end":{"line":288,"column":5}},"79":{"start":{"line":235,"column":6},"end":{"line":238,"column":9}},"80":{"start":{"line":239,"column":11},"end":{"line":288,"column":5}},"81":{"start":{"line":240,"column":32},"end":{"line":243,"column":8}},"82":{"start":{"line":241,"column":23},"end":{"line":241,"column":37}},"83":{"start":{"line":242,"column":8},"end":{"line":242,"column":66}},"84":{"start":{"line":245,"column":65},"end":{"line":248,"column":8}},"85":{"start":{"line":246,"column":17},"end":{"line":246,"column":25}},"86":{"start":{"line":247,"column":8},"end":{"line":247,"column":60}},"87":{"start":{"line":250,"column":6},"end":{"line":256,"column":7}},"88":{"start":{"line":251,"column":37},"end":{"line":251,"column":39}},"89":{"start":{"line":253,"column":8},"end":{"line":255,"column":9}},"90":{"start":{"line":253,"column":25},"end":{"line":253,"column":26}},"91":{"start":{"line":254,"column":10},"end":{"line":254,"column":109}},"92":{"start":{"line":258,"column":6},"end":{"line":287,"column":7}},"93":{"start":{"line":259,"column":30},"end":{"line":259,"column":32}},"94":{"start":{"line":260,"column":38},"end":{"line":260,"column":40}},"95":{"start":{"line":262,"column":8},"end":{"line":276,"column":9}},"96":{"start":{"line":262,"column":25},"end":{"line":262,"column":26}},"97":{"start":{"line":263,"column":10},"end":{"line":275,"column":13}},"98":{"start":{"line":278,"column":8},"end":{"line":280,"column":9}},"99":{"start":{"line":278,"column":25},"end":{"line":278,"column":26}},"100":{"start":{"line":279,"column":10},"end":{"line":279,"column":110}},"101":{"start":{"line":282,"column":8},"end":{"line":286,"column":11}},"102":{"start":{"line":291,"column":36},"end":{"line":291,"column":65}},"103":{"start":{"line":293,"column":58},"end":{"line":293,"column":140}},"104":{"start":{"line":295,"column":50},"end":{"line":297,"column":6}},"105":{"start":{"line":296,"column":6},"end":{"line":296,"column":85}},"106":{"start":{"line":299,"column":4},"end":{"line":345,"column":5}},"107":{"start":{"line":300,"column":6},"end":{"line":303,"column":9}},"108":{"start":{"line":304,"column":11},"end":{"line":345,"column":5}},"109":{"start":{"line":305,"column":32},"end":{"line":308,"column":8}},"110":{"start":{"line":306,"column":23},"end":{"line":306,"column":37}},"111":{"start":{"line":307,"column":8},"end":{"line":307,"column":66}},"112":{"start":{"line":310,"column":65},"end":{"line":313,"column":8}},"113":{"start":{"line":311,"column":17},"end":{"line":311,"column":25}},"114":{"start":{"line":312,"column":8},"end":{"line":312,"column":60}},"115":{"start":{"line":315,"column":6},"end":{"line":344,"column":7}},"116":{"start":{"line":316,"column":30},"end":{"line":316,"column":32}},"117":{"start":{"line":317,"column":37},"end":{"line":317,"column":39}},"118":{"start":{"line":319,"column":8},"end":{"line":333,"column":9}},"119":{"start":{"line":319,"column":25},"end":{"line":319,"column":26}},"120":{"start":{"line":320,"column":10},"end":{"line":332,"column":13}},"121":{"start":{"line":335,"column":8},"end":{"line":337,"column":9}},"122":{"start":{"line":335,"column":25},"end":{"line":335,"column":26}},"123":{"start":{"line":336,"column":10},"end":{"line":336,"column":109}},"124":{"start":{"line":339,"column":8},"end":{"line":343,"column":11}},"125":{"start":{"line":348,"column":36},"end":{"line":348,"column":65}},"126":{"start":{"line":350,"column":58},"end":{"line":350,"column":140}},"127":{"start":{"line":352,"column":29},"end":{"line":354,"column":6}},"128":{"start":{"line":353,"column":6},"end":{"line":353,"column":74}},"129":{"start":{"line":356,"column":4},"end":{"line":412,"column":5}},"130":{"start":{"line":357,"column":6},"end":{"line":360,"column":9}},"131":{"start":{"line":361,"column":11},"end":{"line":412,"column":5}},"132":{"start":{"line":362,"column":76},"end":{"line":365,"column":8}},"133":{"start":{"line":363,"column":24},"end":{"line":363,"column":39}},"134":{"start":{"line":364,"column":8},"end":{"line":364,"column":68}},"135":{"start":{"line":367,"column":6},"end":{"line":411,"column":7}},"136":{"start":{"line":368,"column":20},"end":{"line":368,"column":21}},"137":{"start":{"line":369,"column":22},"end":{"line":369,"column":32}},"138":{"start":{"line":370,"column":26},"end":{"line":370,"column":36}},"139":{"start":{"line":371,"column":25},"end":{"line":371,"column":35}},"140":{"start":{"line":372,"column":52},"end":{"line":383,"column":9}},"141":{"start":{"line":385,"column":8},"end":{"line":410,"column":9}},"142":{"start":{"line":386,"column":10},"end":{"line":389,"column":13}},"143":{"start":{"line":390,"column":15},"end":{"line":410,"column":9}},"144":{"start":{"line":391,"column":10},"end":{"line":394,"column":13}},"145":{"start":{"line":395,"column":15},"end":{"line":410,"column":9}},"146":{"start":{"line":396,"column":10},"end":{"line":399,"column":13}},"147":{"start":{"line":401,"column":66},"end":{"line":401,"column":104}},"148":{"start":{"line":403,"column":10},"end":{"line":403,"column":133}},"149":{"start":{"line":405,"column":10},"end":{"line":409,"column":13}},"150":{"start":{"line":415,"column":36},"end":{"line":415,"column":65}},"151":{"start":{"line":417,"column":58},"end":{"line":417,"column":140}},"152":{"start":{"line":419,"column":29},"end":{"line":421,"column":6}},"153":{"start":{"line":420,"column":6},"end":{"line":420,"column":74}},"154":{"start":{"line":423,"column":4},"end":{"line":479,"column":5}},"155":{"start":{"line":424,"column":6},"end":{"line":427,"column":9}},"156":{"start":{"line":428,"column":11},"end":{"line":479,"column":5}},"157":{"start":{"line":429,"column":76},"end":{"line":432,"column":8}},"158":{"start":{"line":430,"column":24},"end":{"line":430,"column":40}},"159":{"start":{"line":431,"column":8},"end":{"line":431,"column":68}},"160":{"start":{"line":434,"column":6},"end":{"line":478,"column":7}},"161":{"start":{"line":435,"column":20},"end":{"line":435,"column":21}},"162":{"start":{"line":436,"column":22},"end":{"line":436,"column":32}},"163":{"start":{"line":437,"column":26},"end":{"line":437,"column":36}},"164":{"start":{"line":438,"column":25},"end":{"line":438,"column":35}},"165":{"start":{"line":439,"column":52},"end":{"line":450,"column":9}},"166":{"start":{"line":452,"column":8},"end":{"line":477,"column":9}},"167":{"start":{"line":453,"column":10},"end":{"line":456,"column":13}},"168":{"start":{"line":457,"column":15},"end":{"line":477,"column":9}},"169":{"start":{"line":458,"column":10},"end":{"line":461,"column":13}},"170":{"start":{"line":462,"column":15},"end":{"line":477,"column":9}},"171":{"start":{"line":463,"column":10},"end":{"line":466,"column":13}},"172":{"start":{"line":468,"column":66},"end":{"line":468,"column":104}},"173":{"start":{"line":470,"column":10},"end":{"line":470,"column":133}},"174":{"start":{"line":472,"column":10},"end":{"line":476,"column":13}},"175":{"start":{"line":482,"column":36},"end":{"line":482,"column":65}},"176":{"start":{"line":484,"column":58},"end":{"line":484,"column":140}},"177":{"start":{"line":486,"column":40},"end":{"line":488,"column":6}},"178":{"start":{"line":487,"column":6},"end":{"line":487,"column":175}},"179":{"start":{"line":490,"column":40},"end":{"line":492,"column":6}},"180":{"start":{"line":491,"column":6},"end":{"line":491,"column":175}},"181":{"start":{"line":494,"column":4},"end":{"line":561,"column":5}},"182":{"start":{"line":495,"column":6},"end":{"line":498,"column":9}},"183":{"start":{"line":499,"column":11},"end":{"line":561,"column":5}},"184":{"start":{"line":500,"column":32},"end":{"line":503,"column":8}},"185":{"start":{"line":501,"column":24},"end":{"line":501,"column":40}},"186":{"start":{"line":502,"column":8},"end":{"line":502,"column":68}},"187":{"start":{"line":505,"column":6},"end":{"line":529,"column":7}},"188":{"start":{"line":506,"column":30},"end":{"line":506,"column":32}},"189":{"start":{"line":508,"column":8},"end":{"line":522,"column":9}},"190":{"start":{"line":508,"column":25},"end":{"line":508,"column":26}},"191":{"start":{"line":509,"column":10},"end":{"line":521,"column":13}},"192":{"start":{"line":524,"column":8},"end":{"line":528,"column":11}},"193":{"start":{"line":530,"column":11},"end":{"line":561,"column":5}},"194":{"start":{"line":531,"column":32},"end":{"line":534,"column":8}},"195":{"start":{"line":532,"column":24},"end":{"line":532,"column":40}},"196":{"start":{"line":533,"column":8},"end":{"line":533,"column":68}},"197":{"start":{"line":536,"column":6},"end":{"line":560,"column":7}},"198":{"start":{"line":537,"column":32},"end":{"line":537,"column":34}},"199":{"start":{"line":539,"column":8},"end":{"line":553,"column":9}},"200":{"start":{"line":539,"column":25},"end":{"line":539,"column":26}},"201":{"start":{"line":540,"column":10},"end":{"line":552,"column":13}},"202":{"start":{"line":555,"column":8},"end":{"line":559,"column":11}},"203":{"start":{"line":564,"column":36},"end":{"line":564,"column":65}},"204":{"start":{"line":566,"column":60},"end":{"line":566,"column":130}},"205":{"start":{"line":568,"column":58},"end":{"line":568,"column":140}},"206":{"start":{"line":570,"column":29},"end":{"line":572,"column":6}},"207":{"start":{"line":571,"column":6},"end":{"line":571,"column":175}},"208":{"start":{"line":574,"column":4},"end":{"line":610,"column":5}},"209":{"start":{"line":575,"column":6},"end":{"line":578,"column":9}},"210":{"start":{"line":579,"column":11},"end":{"line":610,"column":5}},"211":{"start":{"line":580,"column":76},"end":{"line":583,"column":8}},"212":{"start":{"line":581,"column":24},"end":{"line":581,"column":40}},"213":{"start":{"line":582,"column":8},"end":{"line":582,"column":68}},"214":{"start":{"line":585,"column":6},"end":{"line":609,"column":7}},"215":{"start":{"line":586,"column":20},"end":{"line":586,"column":21}},"216":{"start":{"line":587,"column":22},"end":{"line":587,"column":32}},"217":{"start":{"line":588,"column":25},"end":{"line":588,"column":35}},"218":{"start":{"line":589,"column":52},"end":{"line":
[...]
lumn":43}},"loc":{"start":{"line":612,"column":63},"end":{"line":659,"column":3}},"line":612},"34":{"name":"(anonymous_34)","decl":{"start":{"line":619,"column":57},"end":{"line":619,"column":58}},"loc":{"start":{"line":619,"column":76},"end":{"line":621,"column":5}},"line":619},"35":{"name":"(anonymous_35)","decl":{"start":{"line":629,"column":106},"end":{"line":629,"column":107}},"loc":{"start":{"line":629,"column":124},"end":{"line":632,"column":7}},"line":629}},"branchMap":{"0":{"loc":{"start":{"line":25,"column":13},"end":{"line":25,"column":67}},"type":"binary-expr","locations":[{"start":{"line":25,"column":13},"end":{"line":25,"column":35}},{"start":{"line":25,"column":39},"end":{"line":25,"column":67}}],"line":25},"1":{"loc":{"start":{"line":28,"column":4},"end":{"line":93,"column":5}},"type":"if","locations":[{"start":{"line":28,"column":4},"end":{"line":93,"column":5}},{"start":{"line":28,"column":4},"end":{"line":93,"column":5}}],"line":28},"2":{"loc":{"start":{"line":37,"column":15},"end":{"line":37,"column":55}},"type":"binary-expr","locations":[{"start":{"line":37,"column":15},"end":{"line":37,"column":36}},{"start":{"line":37,"column":40},"end":{"line":37,"column":55}}],"line":37},"3":{"loc":{"start":{"line":40,"column":6},"end":{"line":92,"column":7}},"type":"if","locations":[{"start":{"line":40,"column":6},"end":{"line":92,"column":7}},{"start":{"line":40,"column":6},"end":{"line":92,"column":7}}],"line":40},"4":{"loc":{"start":{"line":72,"column":10},"end":{"line":88,"column":11}},"type":"if","locations":[{"start":{"line":72,"column":10},"end":{"line":88,"column":11}},{"start":{"line":72,"column":10},"end":{"line":88,"column":11}}],"line":72},"5":{"loc":{"start":{"line":77,"column":17},"end":{"line":88,"column":11}},"type":"if","locations":[{"start":{"line":77,"column":17},"end":{"line":88,"column":11}},{"start":{"line":77,"column":17},"end":{"line":88,"column":11}}],"line":77},"6":{"loc":{"start":{"line":109,"column":13},"end":{"line":109,"column":211}},"type":"binary-expr","locations":[{"start":{"line":109,"column":13},"end":{"line":109,"column":110}},{"start":{"line":109,"column":114},"end":{"line":109,"column":211}}],"line":109},"7":{"loc":{"start":{"line":112,"column":4},"end":{"line":177,"column":5}},"type":"if","locations":[{"start":{"line":112,"column":4},"end":{"line":177,"column":5}},{"start":{"line":112,"column":4},"end":{"line":177,"column":5}}],"line":112},"8":{"loc":{"start":{"line":117,"column":11},"end":{"line":177,"column":5}},"type":"if","locations":[{"start":{"line":117,"column":11},"end":{"line":177,"column":5}},{"start":{"line":117,"column":11},"end":{"line":177,"column":5}}],"line":117},"9":{"loc":{"start":{"line":128,"column":6},"end":{"line":176,"column":7}},"type":"if","locations":[{"start":{"line":128,"column":6},"end":{"line":176,"column":7}},{"start":{"line":128,"column":6},"end":{"line":176,"column":7}}],"line":128},"10":{"loc":{"start":{"line":152,"column":13},"end":{"line":176,"column":7}},"type":"if","locations":[{"start":{"line":152,"column":13},"end":{"line":176,"column":7}},{"start":{"line":152,"column":13},"end":{"line":176,"column":7}}],"line":152},"11":{"loc":{"start":{"line":188,"column":4},"end":{"line":223,"column":5}},"type":"if","locations":[{"start":{"line":188,"column":4},"end":{"line":223,"column":5}},{"start":{"line":188,"column":4},"end":{"line":223,"column":5}}],"line":188},"12":{"loc":{"start":{"line":193,"column":11},"end":{"line":223,"column":5}},"type":"if","locations":[{"start":{"line":193,"column":11},"end":{"line":223,"column":5}},{"start":{"line":193,"column":11},"end":{"line":223,"column":5}}],"line":193},"13":{"loc":{"start":{"line":199,"column":6},"end":{"line":222,"column":7}},"type":"if","locations":[{"start":{"line":199,"column":6},"end":{"line":222,"column":7}},{"start":{"line":199,"column":6},"end":{"line":222,"column":7}}],"line":199},"14":{"loc":{"start":{"line":234,"column":4},"end":{"line":288,"column":5}},"type":"if","locations":[{"start":{"line":234,"column":4},"end":{"line":288,"column":5}},{"start":{"line":234,"column":4},"end":{"line":288,"column":5}}],"line":234},"15":{"loc":{"start":{"line":239,"column":11},"end":{"line":288,"column":5}},"type":"if","locations":[{"start":{"line":239,"column":11},"end":{"line":288,"column":5}},{"start":{"line":239,"column":11},"end":{"line":288,"column":5}}],"line":239},"16":{"loc":{"start":{"line":250,"column":6},"end":{"line":256,"column":7}},"type":"if","locations":[{"start":{"line":250,"column":6},"end":{"line":256,"column":7}},{"start":{"line":250,"column":6},"end":{"line":256,"column":7}}],"line":250},"17":{"loc":{"start":{"line":258,"column":6},"end":{"line":287,"column":7}},"type":"if","locations":[{"start":{"line":258,"column":6},"end":{"line":287,"column":7}},{"start":{"line":258,"column":6},"end":{"line":287,"column":7}}],"line":258},"18":{"loc":{"start":{"line":299,"column":4},"end":{"line":345,"column":5}},"type":"if","locations":[{"start":{"line":299,"column":4},"end":{"line":345,"column":5}},{"start":{"line":299,"column":4},"end":{"line":345,"column":5}}],"line":299},"19":{"loc":{"start":{"line":304,"column":11},"end":{"line":345,"column":5}},"type":"if","locations":[{"start":{"line":304,"column":11},"end":{"line":345,"column":5}},{"start":{"line":304,"column":11},"end":{"line":345,"column":5}}],"line":304},"20":{"loc":{"start":{"line":315,"column":6},"end":{"line":344,"column":7}},"type":"if","locations":[{"start":{"line":315,"column":6},"end":{"line":344,"column":7}},{"start":{"line":315,"column":6},"end":{"line":344,"column":7}}],"line":315},"21":{"loc":{"start":{"line":356,"column":4},"end":{"line":412,"column":5}},"type":"if","locations":[{"start":{"line":356,"column":4},"end":{"line":412,"column":5}},{"start":{"line":356,"column":4},"end":{"line":412,"column":5}}],"line":356},"22":{"loc":{"start":{"line":361,"column":11},"end":{"line":412,"column":5}},"type":"if","locations":[{"start":{"line":361,"column":11},"end":{"line":412,"column":5}},{"start":{"line":361,"column":11},"end":{"line":412,"column":5}}],"line":361},"23":{"loc":{"start":{"line":367,"column":6},"end":{"line":411,"column":7}},"type":"if","locations":[{"start":{"line":367,"column":6},"end":{"line":411,"column":7}},{"start":{"line":367,"column":6},"end":{"line":411,"column":7}}],"line":367},"24":{"loc":{"start":{"line":385,"column":8},"end":{"line":410,"column":9}},"type":"if","locations":[{"start":{"line":385,"column":8},"end":{"line":410,"column":9}},{"start":{"line":385,"column":8},"end":{"line":410,"column":9}}],"line":385},"25":{"loc":{"start":{"line":390,"column":15},"end":{"line":410,"column":9}},"type":"if","locations":[{"start":{"line":390,"column":15},"end":{"line":410,"column":9}},{"start":{"line":390,"column":15},"end":{"line":410,"column":9}}],"line":390},"26":{"loc":{"start":{"line":395,"column":15},"end":{"line":410,"column":9}},"type":"if","locations":[{"start":{"line":395,"column":15},"end":{"line":410,"column":9}},{"start":{"line":395,"column":15},"end":{"line":410,"column":9}}],"line":395},"27":{"loc":{"start":{"line":423,"column":4},"end":{"line":479,"column":5}},"type":"if","locations":[{"start":{"line":423,"column":4},"end":{"line":479,"column":5}},{"start":{"line":423,"column":4},"end":{"line":479,"column":5}}],"line":423},"28":{"loc":{"start":{"line":428,"column":11},"end":{"line":479,"column":5}},"type":"if","locations":[{"start":{"line":428,"column":11},"end":{"line":479,"column":5}},{"start":{"line":428,"column":11},"end":{"line":479,"column":5}}],"line":428},"29":{"loc":{"start":{"line":434,"column":6},"end":{"line":478,"column":7}},"type":"if","locations":[{"start":{"line":434,"column":6},"end":{"line":478,"column":7}},{"start":{"line":434,"column":6},"end":{"line":478,"column":7}}],"line":434},"30":{"loc":{"start":{"line":452,"column":8},"end":{"line":477,"column":9}},"type":"if","locations":[{"start":{"line":452,"column":8},"end":{"line":477,"column":9}},{"start":{"line":452,"column":8},"end":{"line":477,"column":9}}],"line":452},"31":{"loc":{"start":{"line":457,"column":15},"end":{"line":477,"column":9}},"type":"if","locations":[{"start":{"line":457,"column":15},"end":{"line":477,"column":9}},{"start":{"line":457,"column":15},"end":{"line":477,"column":9}}],"line":457},"32":{"loc":{"start":{"line":462,"column":15},"end":{"line":477,"column":9}},"type":"if","locations":[{"start":{"line":462,"column":15},"end":{"line":477,"column":9}},{"start":{"line":462,"column":15},"end":{"line":477,"column":9}}],"line":462},"33":{"loc":{"start":{"line":487,"column":13},"end":{"line":487,"column":174}},"type":"binary-expr","locations":[{"start":{"line":487,"column":13},"end":{"line":487,"column":73}},{"start":{"line":487,"column":77},"end":{"line":487,"column":174}}],"line":487},"34":{"loc":{"start":{"line":491,"column":13},"end":{"line":491,"column":174}},"type":"binary-expr","locations":[{"start":{"line":491,"column":13},"end":{"line":491,"column":73}},{"start":{"line":491,"column":77},"end":{"line":491,"column":174}}],"line":491},"35":{"loc":{"start":{"line":494,"column":4},"end":{"line":561,"column":5}},"type":"if","locations":[{"start":{"line":494,"column":4},"end":{"line":561,"column":5}},{"start":{"line":494,"column":4},"end":{"line":561,"column":5}}],"line":494},"36":{"loc":{"start":{"line":494,"column":8},"end":{"line":494,"column":72}},"type":"binary-expr","locations":[{"start":{"line":494,"column":8},"end":{"line":494,"column":38}},{"start":{"line":494,"column":42},"end":{"line":494,"column":72}}],"line":494},"37":{"loc":{"start":{"line":499,"column":11},"end":{"line":561,"column":5}},"type":"if","locations":[{"start":{"line":499,"column":11},"end":{"line":561,"column":5}},{"start":{"line":499,"column":11},"end":{"line":561,"column":5}}],"line":499},"38":{"loc":{"start":{"line":505,"column":6},"end":{"line":529,"column":7}},"type":"if","locations":[{"start":{"line":505,"column":6},"end":{"line":529,"column":7}},{"start":{"line":505,"column":6},"end":{"line":529,"column":7}}],"line":505},"39":{"loc":{"start":{"line":530,"column":11},"end":{"line":561,"column":5}},"type":"if","locations":[{"start":{"line":530,"column":11},"end":{"line":561,"column":5}},{"start":{"line":530,"column":11},"end":{"line":561,"column":5}}],"line":530},"40":{"loc":{"start":{"line":536,"column":6},"end":{"line":560,"column":7}},"type":"if","locations":[{"start":{"line":536,"column":6},"end":{"line":560,"column":7}},{"start":{"line":536,"column":6},"end":{"line":560,"column":7}}],"line":536},"41":{"loc":{"start":{"line":571,"column":13},"end":{"line":571,"column":174}},"type":"binary-expr","locations":[{"start":{"line":571,"column":13},"end":{"line":571,"column":73}},{"start":{"line":571,"column":77},"end":{"line":571,"column":174}}],"line":571},"42":{"loc":{"start":{"line":574,"column":4},"end":{"line":610,"column":5}},"type":"if","locations":[{"start":{"line":574,"column":4},"end":{"line":610,"column":5}},{"start":{"line":574,"column":4},"end":{"line":610,"column":5}}],"line":574},"43":{"loc":{"start":{"line":579,"column":11},"end":{"line":610,"column":5}},"type":"if","locations":[{"start":{"line":579,"column":11},"end":{"line":610,"column":5}},{"start":{"line":579,"column":11},"end":{"line":610,"column":5}}],"line":579},"44":{"loc":{"start":{"line":585,"column":6},"end":{"line":609,"column":7}},"type":"if","locations":[{"start":{"line":585,"column":6},"end":{"line":609,"column":7}},{"start":{"line":585,"column":6},"end":{"line":609,"column":7}}],"line":585},"45":{"loc":{"start":{"line":620,"column":13},"end":{"line":620,"column":174}},"type":"binary-expr","locations":[{"start":{"line":620,"column":13},"end":{"line":620,"column":73}},{"start":{"line":620,"column":77},"end":{"line":620,"column":174}}],"line":620},"46":{"loc":{"start":{"line":623,"column":4},"end":{"line":658,"column":5}},"type":"if","locations":[{"start":{"line":623,"column":4},"end":{"line":658,"column":5}},{"start":{"line":623,"column":4},"end":{"line":658,"column":5}}],"line":623},"47":{"loc":{"start":{"line":628,"column":11},"end":{"line":658,"column":5}},"type":"if","locations":[{"start":{"line":628,"column":11},"end":{"line":658,"column":5}},{"start":{"line":628,"column":11},"end":{"line":658,"column":5}}],"line":628},"48":{"loc":{"start":{"line":634,"column":6},"end":{"line":657,"column":7}},"type":"if","locations":[{"start":{"line":634,"column":6},"end":{"line":657,"column":7}},{"start":{"line":634,"column":6},"end":{"line":657,"column":7}}],"line":634}},"s":{"0":1,"1":1,"2":1,"3":1,"4":1,"5":1,"6":1,"7":5,"8":5,"9":5,"10":5,"11":37,"12":5,"13":3,"14":2,"15":20,"16":20,"17":20,"18":2,"19":2,"20":2,"21":2,"22":2,"23":2,"24":2,"25":2,"26":2,"27":2,"28":0,"29":2,"30":1,"31":1,"32":2,"33":4,"34":4,"35":4,"36":23,"37":4,"38":3,"39":1,"40":1,"41":6,"42":6,"43":1,"44":6,"45":6,"46":1,"47":0,"48":0,"49":0,"50":0,"51":0,"52":1,"53":1,"54":1,"55":1,"56":2,"57":1,"58":2,"59":2,"60":2,"61":9,"62":2,"63":1,"64":1,"65":1,"66":6,"67":6,"68":1,"69":1,"70":1,"71":1,"72":1,"73":1,"74":1,"75":1,"76":1,"77":2,"78":1,"79":0,"80":1,"81":1,"82":6,"83":6,"84":1,"85":9,"86":9,"87":1,"88":1,"89":1,"90":1,"91":1,"92":1,"93":1,"94":1,"95":1,"96":1,"97":3,"98":1,"99":1,"100":1,"101":1,"102":3,"103":3,"104":3,"105":14,"106":3,"107":2,"108":1,"109":1,"110":6,"111":6,"112":1,"113":9,"114":9,"115":1,"116":1,"117":1,"118":1,"119":1,"120":2,"121":1,"122":1,"123":1,"124":1,"125":6,"126":6,"127":6,"128":25,"129":6,"130":2,"131":4,"132":4,"133":32,"134":32,"135":4,"136":4,"137":4,"138":4,"139":4,"140":4,"141":4,"142":2,"143":2,"144":1,"145":1,"146":0,"147":1,"148":1,"149":1,"150":3,"151":3,"152":3,"153":13,"154":3,"155":1,"156":2,"157":2,"158":16,"159":16,"160":2,"161":2,"162":2,"163":2,"164":2,"165":2,"166":2,"167":0,"168":2,"169":1,"170":1,"171":0,"172":1,"173":1,"174":1,"175":3,"176":3,"177":3,"178":17,"179":3,"180":17,"181":3,"182":1,"183":2,"184":1,"185":8,"186":8,"187":1,"188":1,"189":1,"190":1,"191":2,"192":1,"193":1,"194":1,"195":8,"196":8,"197":1,"198":1,"199":1,"200":1,"201":2,"202":1,"203":2,"204":2,"205":2,"206":2,"207":9,"208":2,"209":1,"210":1,"211":1,"212":8,"213":8,"214":1,"215":1,"216":1,"217":1,"218":1,"219":1,"220":1,"221":3,"222":3,"223":3,"224":3,"225":17,"226":3,"227":2,"228":1,"229":1,"230":8,"231":8,"232":1,"233":1,"234":1,"235":1,"236":1,"237":1,"238":1,"239":1},"f":{"0":5,"1":37,"2":20,"3":2,"4":4,"5":23,"6":6,"7":6,"8":2,"9":9,"10":6,"11":1,"12":2,"13":6,"14":9,"15":3,"16":14,"17":6,"18":9,"19":6,"20":25,"21":32,"22":3,"23":13,"24":16,"25":3,"26":17,"27":17,"28":8,"29":8,"30":2,"31":9,"32":8,"33":3,"34":17,"35":8},"b":{"0":[37,4],"1":[3,2],"2":[20,6],"3":[2,0],"4":[0,2],"5":[1,1],"6":[23,23],"7":[3,1],"8":[1,0],"9":[0,1],"10":[1,0],"11":[1,1],"12":[1,0],"13":[1,0],"14":[0,1],"15":[1,0],"16":[1,0],"17":[1,0],"18":[2,1],"19":[1,0],"20":[1,0],"21":[2,4],"22":[4,0],"23":[4,0],"24":[2,2],"25":[1,1],"26":[0,1],"27":[1,2],"28":[2,0],"29":[2,0],"30":[0,2],"31":[1,1],"32":[0,1],"33":[17,4],"34":[17,4],"35":[1,2],"36":[3,2],"37":[1,1],"38":[1,0],"39":[1,0],"40":[1,0],"41":[9,2],"42":[1,1],"43":[1,0],"44":[1,0],"45":[17,3],"46":[2,1],"47":[1,0],"48":[1,0]},"_coverageSchema":"43e27e138ebf9cfc5966b082cf9a028302ed4184","hash":"dd9741fa936e2440eb7aae6f9c17fd7c1b4c69e2","contentHash":"887219c325fd3f804ee4e4c5d41381afbaf2a2aa3dfcc4c1d41d68c1a8239da3"},"C:\\Users\\Positivo_Computer\\Desktop\\free_mentors\\server\\api\\middlewares\\check_admin_and_mentee.js":{"path":"C:\\Users\\Positivo_Computer\\Desktop\\free_mentors\\server\\api\\middlewares\\check_admin_and_mentee.js","statementMap":{"0":{"start":{"line":3,"column":29},"end":{"line":3,"column":84}},"1":{"start":{"line":5,"column":0},"end":{"line":7,"column":3}},"2":{"start":{"line":8,"column":0},"end":{"line":8,"column":28}},"3":{"start":{"line":10,"column":20},"end":{"line":10,"column":67}},"4":{"start":{"line":12,"column":14},"end":{"line":12,"column":55}},"5":{"start":{"line":14,"column":0},"end":{"line":14,"column":28}},"6":{"start":{"line":16,"column":29},"end":{"line":36,"column":1}},"7":{"start":{"line":17,"column":2},"end":{"line":35,"column":3}},"8":{"start":{"line":18,"column":36},"end":{"line":18,"column":65}},"9":{"start":{"line":20,"column":58},"end":{"line":20,"column":140}},"10":{"start":{"line":22,"column":4},"end":{"line":29,"column":5}},"11":{"start":{"line":23,"column":6},"end":{"line":23,"column":13}},"12":{"start":{"line":25,"column":6},"end":{"line":28,"column":9}},"13":{"start":{"line":31,"column":4},"end":{"line":34,"column":7}},"14":{"start":{"line":38,"column":15},"end":{"line":38,"column":37}},"15":{"start":{"line":39,"column":0},"end":{"line":39,"column":30}}},"fnMap":{"0":{"name":"verfy_admin_and_mentee","decl":{"start":{"line":16,"column":38},"end":{"line":16,"column":60}},"loc":{"start":{"line":16,"column":86},"end":{"line":36,"column":1}},"line":16}},"branchMap":{"0":{"loc":{"start":{"line":22,"column":4},"end":{"line":29,"column":5}},"type":"if","locations":[{"start":{"line":22,"column":4},"end":{"line":29,"column":5}},{"start":{"line":22,"column":4},"end":{"line":29,"column":5}}],"line":22},"1":{"loc":{"start":{"line":22,"column":8},"end":{"line":22,"column":201}},"type":"binary-expr","locations":[{"start":{"line":22,"column":8},"end":{"line":22,"column":102}},{"start":{"line":22,"column":106},"end":{"line":22,"column":201}}],"line":22}},"s":{"0":1,"1":1,"2":1,"3":1,"4":1,"5":1,"6":1,"7":7,"8":7,"9":7,"10":3,"11":2,"12":1,"13":4,"14":1,"15":1},"f":{"0":7},"b":{"0":[2,1],"1":[3,1]},"_coverageSchema":"43e27e138ebf9cfc5966b082cf9a028302ed4184","hash":"83802136115f9ff45ea5d4934aac4e9d7d39d317","contentHash":"5041eef96414101b071dbb7444553118dd00d2b476f5218e03de3517e9d896c3"},"C:\\Users\\Positivo_Computer\\Desktop\\free_mentors\\server\\api\\middlewares\\check_admin_and_mentor.js":{"path":"C:\\Users\\Positivo_Computer\\Desktop\\free_mentors\\server\\api\\middlewares\\check_admin_and_mentor.js","statementMap":{"0":{"start":{"line":3,"column":29},"end":{"line":3,"column":84}},"1":{"start":{"line":5,"column":0},"end":{"line":7,"column":3}},"2":{"start":{"line":8,"column":0},"end":{"line":8,"column":28}},"3":{"start":{"line":10,"column":20},"end":{"line":10,"column":67}},"4":{"start":{"line":12,"column":14},"end":{"line":12,"column":55}},"5":{"start":{"line":14,"column":0},"end":{"line":14,"column":28}},"6":{"start":{"line":16,"column":29},"end":{"line":36,"column":1}},"7":{"start":{"line":17,"column":2},"end":{"line":35,"column":3}},"8":{"start":{"line":18,"column":36},"end":{"line":18,"column":65}},"9":{"start":{"line":20,"column":58},"end":{"line":20,"column":140}},"10":{"start":{"line":22,"column":4},"end":{"line":29,"column":5}},"11":{"start":{"line":23,"column":6},"end":{"line":23,"column":13}},"12":{"start":{"line":25,"column":6},"end":{"line":28,"column":9}},"13":{"start":{"line":31,"column":4},"end":{"line":34,"column":7}},"14":{"start":{"line":38,"column":15},"end":{"line":38,"column":37}},"15":{"start":{"line":39,"column":0},"end":{"line":39,"column":30}}},"fnMap":{"0":{"name":"verfy_admin_and_mentor","decl":{"start":{"line":16,"column":38},"end":{"line":16,"column":60}},"loc":{"start":{"line":16,"column":86},"end":{"line":36,"column":1}},"line":16}},"branchMap":{"0":{"loc":{"start":{"line":22,"column":4},"end":{"line":29,"column":5}},"type":"if","locations":[{"start":{"line":22,"column":4},"end":{"line":29,"column":5}},{"start":{"line":22,"column":4},"end":{"line":29,"column":5}}],"line":22},"1":{"loc":{"start":{"line":22,"column":8},"end":{"line":22,"column":201}},"type":"binary-expr","locations":[{"start":{"line":22,"column":8},"end":{"line":22,"column":102}},{"start":{"line":22,"column":106},"end":{"line":22,"column":201}}],"line":22}},"s":{"0":1,"1":1,"2":1,"3":1,"4":1,"5":1,"6":1,"7":9,"8":9,"9":9,"10":7,"11":5,"12":2,"13":2,"14":1,"15":1},"f":{"0":9},"b":{"0":[5,2],"1":[7,7]},"_coverageSchema":"43e27e138ebf9cfc5966b082cf9a028302ed4184","hash":"c9e2aee3cd4f8f315667bf466cecec52ae90a434","contentHash":"8e3af12409bbd6590581bc9c0eeba3e42c21d835b9debb84faa50c0cc5584185"}}