TN:
SF:C:\Users\Positivo_Computer\Desktop\free_mentors/main.js
FN:17,(anonymous_0)
FNF:1
FNH:1
FNDA:1,(anonymous_0)
DA:1,1
DA:2,1
DA:3,1
DA:4,1
DA:6,1
DA:8,1
DA:9,1
DA:10,1
DA:11,1
DA:13,1
DA:15,1
DA:17,1
DA:27,1
LF:13
LH:13
BRF:0
BRH:0
end_of_record
TN:
SF:C:\Users\Positivo_Computer\Desktop\free_mentors\server\api\controllers/additionally.js
FN:9,review_mentor
FN:14,(anonymous_1)
FN:24,(anonymous_2)
FN:65,view_all_review
FN:75,view_review
FN:79,(anonymous_5)
FN:90,(anonymous_6)
FN:91,(anonymous_7)
FN:136,delete_review
FN:140,(anonymous_9)
FN:151,(anonymous_10)
FN:160,change_user_to_mentor
FN:164,(anonymous_12)
FN:173,(anonymous_13)
FN:220,update_profile
FN:224,(anonymous_15)
FN:233,(anonymous_16)
FN:255,(anonymous_17)
FN:274,update_password
FN:278,(anonymous_19)
FN:287,(anonymous_20)
FN:331,change_profile
FN:335,(anonymous_22)
FN:340,(anonymous_23)
FN:362,(anonymous_24)
FN:381,change_password
FN:385,(anonymous_26)
FN:390,(anonymous_27)
FNF:28
FNH:28
FNDA:2,review_mentor
FNDA:9,(anonymous_1)
FNDA:8,(anonymous_2)
FNDA:2,view_all_review
FNDA:3,view_review
FNDA:6,(anonymous_5)
FNDA:8,(anonymous_6)
FNDA:8,(anonymous_7)
FNDA:2,delete_review
FNDA:6,(anonymous_9)
FNDA:5,(anonymous_10)
FNDA:5,change_user_to_mentor
FNDA:18,(anonymous_12)
FNDA:40,(anonymous_13)
FNDA:3,update_profile
FNDA:12,(anonymous_15)
FNDA:20,(anonymous_16)
FNDA:20,(anonymous_17)
FNDA:5,update_password
FNDA:14,(anonymous_19)
FNDA:40,(anonymous_20)
FNDA:4,change_profile
FNDA:8,(anonymous_22)
FNDA:40,(anonymous_23)
FNDA:40,(anonymous_24)
FNDA:4,change_password
FNDA:8,(anonymous_26)
FNDA:40,(anonymous_27)
DA:1,1
DA:2,1
DA:3,1
DA:4,1
DA:6,1
DA:11,2
DA:12,2
DA:14,9
DA:16,2
DA:17,1
DA:22,1
DA:24,8
DA:26,1
DA:28,1
DA:29,1
DA:31,1
DA:46,1
DA:47,0
DA:49,1
DA:50,0
DA:53,1
DA:54,0
DA:58,1
DA:59,1
DA:66,2
DA:67,2
DA:70,0
DA:77,3
DA:78,3
DA:79,6
DA:82,3
DA:83,1
DA:88,2
DA:90,8
DA:91,8
DA:93,2
DA:95,1
DA:96,1
DA:98,2
DA:110,1
DA:113,1
DA:114,1
DA:115,1
DA:117,3
DA:131,1
DA:138,2
DA:139,2
DA:140,6
DA:141,2
DA:144,2
DA:145,1
DA:149,1
DA:151,5
DA:152,1
DA:153,1
DA:154,1
DA:155,1
DA:162,5
DA:163,5
DA:164,18
DA:165,5
DA:167,5
DA:168,1
DA:171,4
DA:173,40
DA:175,4
DA:177,4
DA:178,4
DA:179,4
DA:180,4
DA:181,4
DA:182,4
DA:198,4
DA:199,2
DA:201,2
DA:202,0
DA:204,2
DA:205,1
DA:207,1
DA:208,0
DA:213,1
DA:214,1
DA:222,3
DA:223,3
DA:224,12
DA:225,3
DA:227,3
DA:228,1
DA:231,2
DA:233,20
DA:235,2
DA:237,2
DA:238,2
DA:240,2
DA:255,20
DA:256,2
DA:257,1
DA:259,1
DA:260,0
DA:262,1
DA:263,1
DA:267,0
DA:268,0
DA:276,5
DA:277,5
DA:278,14
DA:279,5
DA:281,5
DA:282,1
DA:285,4
DA:287,40
DA:289,4
DA:291,4
DA:292,4
DA:294,4
DA:311,4
DA:312,2
DA:314,2
DA:315,1
DA:318,1
DA:319,0
DA:324,1
DA:325,1
DA:333,4
DA:334,4
DA:335,8
DA:336,4
DA:338,4
DA:340,40
DA:342,4
DA:344,4
DA:345,4
DA:347,4
DA:362,40
DA:363,4
DA:364,1
DA:366,3
DA:367,1
DA:369,2
DA:370,1
DA:374,1
DA:375,1
DA:383,4
DA:384,4
DA:385,8
DA:386,4
DA:388,4
DA:390,40
DA:392,4
DA:394,4
DA:395,4
DA:397,4
DA:414,4
DA:415,1
DA:417,3
DA:418,1
DA:421,2
DA:422,1
DA:427,1
DA:428,1
DA:434,1
LF:161
LH:151
BRDA:14,0,0,9
BRDA:14,0,1,1
BRDA:16,1,0,1
BRDA:16,1,1,1
BRDA:22,2,0,1
BRDA:22,2,1,0
BRDA:26,3,0,1
BRDA:26,3,1,0
BRDA:46,4,0,0
BRDA:46,4,1,1
BRDA:49,5,0,0
BRDA:49,5,1,1
BRDA:49,6,0,1
BRDA:49,6,1,1
BRDA:49,6,2,0
BRDA:49,6,3,0
BRDA:49,6,4,0
BRDA:53,7,0,0
BRDA:53,7,1,1
BRDA:66,8,0,2
BRDA:66,8,1,0
BRDA:79,9,0,6
BRDA:79,9,1,5
BRDA:82,10,0,1
BRDA:82,10,1,2
BRDA:88,11,0,2
BRDA:88,11,1,0
BRDA:93,12,0,1
BRDA:93,12,1,1
BRDA:113,13,0,1
BRDA:113,13,1,0
BRDA:144,14,0,1
BRDA:144,14,1,1
BRDA:149,15,0,1
BRDA:149,15,1,0
BRDA:152,16,0,1
BRDA:152,16,1,0
BRDA:167,17,0,1
BRDA:167,17,1,4
BRDA:171,18,0,4
BRDA:171,18,1,0
BRDA:175,19,0,4
BRDA:175,19,1,0
BRDA:198,20,0,2
BRDA:198,20,1,2
BRDA:198,21,0,4
BRDA:198,21,1,4
BRDA:198,21,2,2
BRDA:201,22,0,0
BRDA:201,22,1,2
BRDA:201,23,0,2
BRDA:201,23,1,0
BRDA:204,24,0,1
BRDA:204,24,1,1
BRDA:204,25,0,2
BRDA:204,25,1,1
BRDA:207,26,0,0
BRDA:207,26,1,1
BRDA:207,27,0,1
BRDA:207,27,1,1
BRDA:227,28,0,1
BRDA:227,28,1,2
BRDA:231,29,0,2
BRDA:231,29,1,0
BRDA:235,30,0,2
BRDA:235,30,1,0
BRDA:255,31,0,20
BRDA:255,31,1,1
BRDA:256,32,0,1
BRDA:256,32,1,1
BRDA:259,33,0,0
BRDA:259,33,1,1
BRDA:262,34,0,1
BRDA:262,34,1,0
BRDA:281,35,0,1
BRDA:281,35,1,4
BRDA:285,36,0,4
BRDA:285,36,1,0
BRDA:289,37,0,4
BRDA:289,37,1,0
BRDA:311,38,0,2
BRDA:311,38,1,2
BRDA:314,39,0,1
BRDA:314,39,1,1
BRDA:318,40,0,0
BRDA:318,40,1,1
BRDA:338,41,0,4
BRDA:338,41,1,0
BRDA:342,42,0,4
BRDA:342,42,1,0
BRDA:362,43,0,40
BRDA:362,43,1,2
BRDA:363,44,0,1
BRDA:363,44,1,3
BRDA:366,45,0,1
BRDA:366,45,1,2
BRDA:369,46,0,1
BRDA:369,46,1,1
BRDA:388,47,0,4
BRDA:388,47,1,0
BRDA:392,48,0,4
BRDA:392,48,1,0
BRDA:414,49,0,1
BRDA:414,49,1,3
BRDA:417,50,0,1
BRDA:417,50,1,2
BRDA:421,51,0,1
BRDA:421,51,1,1
BRF:108
BRH:79
end_of_record
TN:
SF:C:\Users\Positivo_Computer\Desktop\free_mentors\server\api\controllers/sessionsController.js
FN:7,create_session
FN:15,(anonymous_1)
FN:22,(anonymous_2)
FN:82,view_all_sessions
FN:87,view_sessions_by_mentee_or_mentor_by_token_id_info
FN:91,(anonymous_5)
FN:99,(anonymous_6)
FN:100,(anonymous_7)
FN:154,view_session_by_sessionId
FN:158,(anonymous_9)
FN:167,(anonymous_10)
FN:195,view_sessions_of_mentor
FN:199,(anonymous_12)
FN:208,(anonymous_13)
FN:209,(anonymous_14)
FN:255,view_sessions_of_mentee
FN:259,(anonymous_16)
FN:268,(anonymous_17)
FN:269,(anonymous_18)
FN:307,accept_session
FN:311,(anonymous_20)
FN:319,(anonymous_21)
FN:364,reject_session
FN:368,(anonymous_23)
FN:376,(anonymous_24)
FN:421,view_one_sessions_by_mentee_or_mentor_by_token_id_info
FN:425,(anonymous_26)
FN:426,(anonymous_27)
FN:434,(anonymous_28)
FN:466,(anonymous_29)
FN:494,accept_sessions
FN:499,(anonymous_31)
FN:507,(anonymous_32)
FN:534,reject_sessions
FN:539,(anonymous_34)
FN:547,(anonymous_35)
FNF:36
FNH:36
FNDA:5,create_session
FNDA:37,(anonymous_1)
FNDA:20,(anonymous_2)
FNDA:2,view_all_sessions
FNDA:4,view_sessions_by_mentee_or_mentor_by_token_id_info
FNDA:23,(anonymous_5)
FNDA:6,(anonymous_6)
FNDA:6,(anonymous_7)
FNDA:2,view_session_by_sessionId
FNDA:9,(anonymous_9)
FNDA:6,(anonymous_10)
FNDA:1,view_sessions_of_mentor
FNDA:2,(anonymous_12)
FNDA:6,(anonymous_13)
FNDA:9,(anonymous_14)
FNDA:3,view_sessions_of_mentee
FNDA:14,(anonymous_16)
FNDA:6,(anonymous_17)
FNDA:9,(anonymous_18)
FNDA:6,accept_session
FNDA:25,(anonymous_20)
FNDA:32,(anonymous_21)
FNDA:3,reject_session
FNDA:13,(anonymous_23)
FNDA:16,(anonymous_24)
FNDA:3,view_one_sessions_by_mentee_or_mentor_by_token_id_info
FNDA:17,(anonymous_26)
FNDA:17,(anonymous_27)
FNDA:8,(anonymous_28)
FNDA:8,(anonymous_29)
FNDA:2,accept_sessions
FNDA:9,(anonymous_31)
FNDA:8,(anonymous_32)
FNDA:3,reject_sessions
FNDA:17,(anonymous_34)
FNDA:8,(anonymous_35)
DA:1,1
DA:2,1
DA:3,1
DA:5,1
DA:10,5
DA:11,5
DA:14,5
DA:15,37
DA:17,5
DA:18,3
DA:22,20
DA:24,2
DA:25,2
DA:26,2
DA:28,2
DA:30,2
DA:31,2
DA:34,2
DA:49,2
DA:64,2
DA:65,0
DA:68,2
DA:69,1
DA:72,1
DA:84,2
DA:89,4
DA:90,4
DA:91,23
DA:93,4
DA:94,3
DA:97,1
DA:99,6
DA:100,6
DA:102,1
DA:103,0
DA:104,0
DA:106,0
DA:123,0
DA:127,1
DA:128,1
DA:129,1
DA:131,2
DA:148,1
DA:156,2
DA:157,2
DA:158,9
DA:161,2
DA:162,1
DA:165,1
DA:167,6
DA:169,1
DA:170,1
DA:171,1
DA:173,1
DA:189,1
DA:197,1
DA:198,1
DA:199,2
DA:202,1
DA:203,0
DA:206,1
DA:208,6
DA:209,9
DA:212,1
DA:214,1
DA:215,1
DA:216,1
DA:219,1
DA:220,1
DA:221,1
DA:223,1
DA:225,3
DA:244,1
DA:247,1
DA:250,1
DA:257,3
DA:258,3
DA:259,14
DA:262,3
DA:263,2
DA:266,1
DA:268,6
DA:269,9
DA:272,1
DA:273,1
DA:274,1
DA:275,1
DA:277,2
DA:295,1
DA:298,1
DA:302,1
DA:309,6
DA:310,6
DA:311,25
DA:313,6
DA:314,2
DA:317,4
DA:319,32
DA:321,4
DA:323,4
DA:324,4
DA:325,4
DA:326,4
DA:328,4
DA:342,4
DA:343,2
DA:345,2
DA:346,1
DA:349,1
DA:350,0
DA:356,1
DA:357,1
DA:358,1
DA:366,3
DA:367,3
DA:368,13
DA:370,3
DA:371,1
DA:374,2
DA:376,16
DA:378,2
DA:380,2
DA:381,2
DA:382,2
DA:383,2
DA:385,2
DA:399,2
DA:400,0
DA:402,2
DA:403,1
DA:406,1
DA:407,0
DA:411,1
DA:412,1
DA:413,1
DA:423,3
DA:424,3
DA:425,17
DA:426,17
DA:428,3
DA:429,1
DA:432,2
DA:434,8
DA:437,1
DA:438,1
DA:439,1
DA:441,2
DA:458,1
DA:464,1
DA:466,8
DA:468,1
DA:469,1
DA:470,1
DA:472,2
DA:489,1
DA:496,2
DA:497,2
DA:498,2
DA:499,9
DA:501,2
DA:502,1
DA:505,1
DA:507,8
DA:509,1
DA:511,1
DA:512,1
DA:513,1
DA:515,1
DA:528,1
DA:529,1
DA:536,3
DA:537,3
DA:538,3
DA:539,17
DA:541,3
DA:542,2
DA:545,1
DA:547,8
DA:549,1
DA:551,1
DA:552,1
DA:554,1
DA:568,1
DA:569,1
DA:580,1
LF:185
LH:176
BRDA:15,0,0,37
BRDA:15,0,1,4
BRDA:17,1,0,3
BRDA:17,1,1,2
BRDA:22,2,0,20
BRDA:22,2,1,6
BRDA:24,3,0,2
BRDA:24,3,1,0
BRDA:64,4,0,0
BRDA:64,4,1,2
BRDA:68,5,0,1
BRDA:68,5,1,1
BRDA:91,6,0,23
BRDA:91,6,1,23
BRDA:93,7,0,3
BRDA:93,7,1,1
BRDA:97,8,0,1
BRDA:97,8,1,0
BRDA:102,9,0,0
BRDA:102,9,1,1
BRDA:127,10,0,1
BRDA:127,10,1,0
BRDA:161,11,0,1
BRDA:161,11,1,1
BRDA:165,12,0,1
BRDA:165,12,1,0
BRDA:169,13,0,1
BRDA:169,13,1,0
BRDA:202,14,0,0
BRDA:202,14,1,1
BRDA:206,15,0,1
BRDA:206,15,1,0
BRDA:212,16,0,1
BRDA:212,16,1,0
BRDA:219,17,0,1
BRDA:219,17,1,0
BRDA:262,18,0,2
BRDA:262,18,1,1
BRDA:266,19,0,1
BRDA:266,19,1,0
BRDA:272,20,0,1
BRDA:272,20,1,0
BRDA:313,21,0,2
BRDA:313,21,1,4
BRDA:317,22,0,4
BRDA:317,22,1,0
BRDA:321,23,0,4
BRDA:321,23,1,0
BRDA:342,24,0,2
BRDA:342,24,1,2
BRDA:345,25,0,1
BRDA:345,25,1,1
BRDA:349,26,0,0
BRDA:349,26,1,1
BRDA:370,27,0,1
BRDA:370,27,1,2
BRDA:374,28,0,2
BRDA:374,28,1,0
BRDA:378,29,0,2
BRDA:378,29,1,0
BRDA:399,30,0,0
BRDA:399,30,1,2
BRDA:402,31,0,1
BRDA:402,31,1,1
BRDA:406,32,0,0
BRDA:406,32,1,1
BRDA:425,33,0,17
BRDA:425,33,1,4
BRDA:426,34,0,17
BRDA:426,34,1,4
BRDA:428,35,0,1
BRDA:428,35,1,2
BRDA:428,36,0,3
BRDA:428,36,1,2
BRDA:432,37,0,1
BRDA:432,37,1,1
BRDA:437,38,0,1
BRDA:437,38,1,0
BRDA:464,39,0,1
BRDA:464,39,1,0
BRDA:468,40,0,1
BRDA:468,40,1,0
BRDA:499,41,0,9
BRDA:499,41,1,2
BRDA:501,42,0,1
BRDA:501,42,1,1
BRDA:505,43,0,1
BRDA:505,43,1,0
BRDA:509,44,0,1
BRDA:509,44,1,0
BRDA:539,45,0,17
BRDA:539,45,1,3
BRDA:541,46,0,2
BRDA:541,46,1,1
BRDA:545,47,0,1
BRDA:545,47,1,0
BRDA:549,48,0,1
BRDA:549,48,1,0
BRF:98
BRH:71
end_of_record
TN:
SF:C:\Users\Positivo_Computer\Desktop\free_mentors\server\api\controllers/usersController.js
FN:7,signup
FN:43,(anonymous_1)
FN:67,signin
FN:85,(anonymous_3)
FN:125,view_all_users
FN:130,View_all_mentee
FN:131,(anonymous_6)
FN:155,View_mentee
FN:158,(anonymous_8)
FN:169,(anonymous_9)
FN:195,View_all_mentor
FN:196,(anonymous_11)
FN:220,View_mentor
FN:224,(anonymous_13)
FN:235,(anonymous_14)
FN:261,View_all_admin
FN:262,(anonymous_16)
FN:286,View_admin
FN:290,(anonymous_18)
FN:301,(anonymous_19)
FNF:20
FNH:20
FNDA:8,signup
FNDA:70,(anonymous_1)
FNDA:4,signin
FNDA:20,(anonymous_3)
FNDA:1,view_all_users
FNDA:1,View_all_mentee
FNDA:9,(anonymous_6)
FNDA:3,View_mentee
FNDA:13,(anonymous_8)
FNDA:18,(anonymous_9)
FNDA:1,View_all_mentor
FNDA:9,(anonymous_11)
FNDA:5,View_mentor
FNDA:18,(anonymous_13)
FNDA:36,(anonymous_14)
FNDA:1,View_all_admin
FNDA:9,(anonymous_16)
FNDA:3,View_admin
FNDA:19,(anonymous_18)
FNDA:18,(anonymous_19)
DA:1,1
DA:2,1
DA:3,1
DA:5,1
DA:9,8
DA:10,8
DA:26,8
DA:28,8
DA:29,8
DA:30,8
DA:31,8
DA:32,8
DA:35,8
DA:43,70
DA:44,8
DA:45,1
DA:46,7
DA:47,1
DA:48,6
DA:49,1
DA:50,5
DA:51,1
DA:52,4
DA:53,1
DA:54,3
DA:55,1
DA:56,2
DA:57,1
DA:60,1
DA:61,1
DA:69,4
DA:74,4
DA:75,4
DA:77,4
DA:78,1
DA:81,3
DA:82,1
DA:85,20
DA:88,2
DA:90,1
DA:93,1
DA:94,1
DA:95,1
DA:96,1
DA:97,1
DA:98,1
DA:101,1
DA:105,1
DA:115,1
DA:127,1
DA:131,9
DA:133,1
DA:134,1
DA:135,1
DA:137,4
DA:151,1
DA:156,3
DA:157,3
DA:158,13
DA:159,3
DA:161,3
DA:162,1
DA:168,2
DA:169,18
DA:171,2
DA:172,1
DA:173,1
DA:186,1
DA:190,1
DA:196,9
DA:198,1
DA:199,1
DA:200,1
DA:202,3
DA:216,1
DA:222,5
DA:223,5
DA:224,18
DA:225,5
DA:227,5
DA:228,1
DA:234,4
DA:235,36
DA:237,4
DA:238,2
DA:239,2
DA:252,2
DA:256,2
DA:262,9
DA:264,1
DA:265,1
DA:266,1
DA:268,2
DA:282,1
DA:288,3
DA:289,3
DA:290,19
DA:291,3
DA:293,3
DA:294,1
DA:300,2
DA:301,18
DA:303,2
DA:304,1
DA:305,1
DA:318,1
DA:322,1
DA:329,1
LF:108
LH:108
BRDA:44,0,0,1
BRDA:44,0,1,7
BRDA:46,1,0,1
BRDA:46,1,1,6
BRDA:48,2,0,1
BRDA:48,2,1,5
BRDA:50,3,0,1
BRDA:50,3,1,4
BRDA:52,4,0,1
BRDA:52,4,1,3
BRDA:54,5,0,1
BRDA:54,5,1,2
BRDA:56,6,0,1
BRDA:56,6,1,1
BRDA:77,7,0,1
BRDA:77,7,1,3
BRDA:81,8,0,1
BRDA:81,8,1,2
BRDA:85,9,0,20
BRDA:85,9,1,2
BRDA:88,10,0,1
BRDA:88,10,1,1
BRDA:133,11,0,1
BRDA:133,11,1,0
BRDA:161,12,0,1
BRDA:161,12,1,2
BRDA:169,13,0,18
BRDA:169,13,1,8
BRDA:171,14,0,1
BRDA:171,14,1,1
BRDA:198,15,0,1
BRDA:198,15,1,0
BRDA:227,16,0,1
BRDA:227,16,1,4
BRDA:235,17,0,36
BRDA:235,17,1,12
BRDA:237,18,0,2
BRDA:237,18,1,2
BRDA:264,19,0,1
BRDA:264,19,1,0
BRDA:293,20,0,1
BRDA:293,20,1,2
BRDA:301,21,0,18
BRDA:301,21,1,4
BRDA:303,22,0,1
BRDA:303,22,1,1
BRF:46
BRH:43
end_of_record
TN:
SF:C:\Users\Positivo_Computer\Desktop\free_mentors\server\api\middlewares/check_admin.js
FN:5,verfy_admin
FNF:1
FNH:1
FNDA:41,verfy_admin
DA:1,1
DA:2,1
DA:3,1
DA:5,1
DA:7,41
DA:9,41
DA:10,41
DA:12,33
DA:14,31
DA:18,2
DA:22,8
DA:29,1
LF:12
LH:12
BRDA:12,0,0,31
BRDA:12,0,1,2
BRF:2
BRH:2
end_of_record
TN:
SF:C:\Users\Positivo_Computer\Desktop\free_mentors\server\api\middlewares/check_admin_and_mentee.js
FN:5,verfy_admin_and_mentee
FNF:1
FNH:1
FNDA:7,verfy_admin_and_mentee
DA:1,1
DA:2,1
DA:3,1
DA:5,1
DA:7,7
DA:9,7
DA:10,7
DA:12,3
DA:14,2
DA:18,1
DA:22,4
DA:29,1
LF:12
LH:12
BRDA:12,0,0,2
BRDA:12,0,1,1
BRDA:12,1,0,3
BRDA:12,1,1,1
BRF:4
BRH:4
end_of_record
TN:
SF:C:\Users\Positivo_Computer\Desktop\free_mentors\server\api\middlewares/check_admin_and_mentor.js
FN:5,verfy_admin_and_mentor
FNF:1
FNH:1
FNDA:9,verfy_admin_and_mentor
DA:1,1
DA:2,1
DA:3,1
DA:5,1
DA:7,9
DA:9,9
DA:10,9
DA:12,7
DA:14,5
DA:18,2
DA:22,2
DA:29,1
LF:12
LH:12
BRDA:12,0,0,5
BRDA:12,0,1,2
BRDA:12,1,0,7
BRDA:12,1,1,7
BRF:4
BRH:4
end_of_record
TN:
SF:C:\Users\Positivo_Computer\Desktop\free_mentors\server\api\middlewares/check_token.js
FN:2,verfy_token
FNF:1
FNH:1
FNDA:48,verfy_token
DA:1,1
DA:2,1
DA:3,48
DA:5,48
DA:6,48
DA:7,38
DA:13,10
DA:20,1
LF:8
LH:8
BRF:0
BRH:0
end_of_record
TN:
SF:C:\Users\Positivo_Computer\Desktop\free_mentors\server\api\models/reviewDB.js
FNF:0
FNH:0
DA:1,1
DA:59,1
LF:2
LH:2
BRF:0
BRH:0
end_of_record
TN:
SF:C:\Users\Positivo_Computer\Desktop\free_mentors\server\api\models/sessionsDB.js
FNF:0
FNH:0
DA:1,1
DA:86,1
LF:2
LH:2
BRF:0
BRH:0
end_of_record
TN:
SF:C:\Users\Positivo_Computer\Desktop\free_mentors\server\api\models/usersDB.js
FNF:0
FNH:0
DA:1,1
DA:137,1
LF:2
LH:2
BRF:0
BRH:0
end_of_record
TN:
SF:C:\Users\Positivo_Computer\Desktop\free_mentors\server\api\routes/Router.js
FNF:0
FNH:0
DA:1,1
DA:2,1
DA:3,1
DA:4,1
DA:5,1
DA:6,1
DA:7,1
DA:8,1
DA:9,1
DA:13,1
DA:52,1
LF:11
LH:11
BRF:0
BRH:0
end_of_record
